2022-05-18 21:08:36,143 MainProcess MainThread - INFO - Starting processing 
2022-05-18 21:08:36,143 MainProcess MainThread - INFO - Processing config loaded 
2022-05-18 21:08:36,144 MainProcess MainThread - INFO - Running processing for each image for all k = [2, 3, 4, 5, 6, 7, 8, 9, 10, 11, 12, 13, 14, 15, 16, 17, 18] parameters 
2022-05-18 21:08:36,795 SpawnPoolWorker-4 MainThread - INFO - k = 2 
2022-05-18 21:08:36,795 SpawnPoolWorker-2 MainThread - INFO - k = 3 
2022-05-18 21:08:36,795 SpawnPoolWorker-4 MainThread - INFO - Running processing for peppers.pgm 
2022-05-18 21:08:36,795 SpawnPoolWorker-5 MainThread - INFO - k = 4 
2022-05-18 21:08:36,795 SpawnPoolWorker-2 MainThread - INFO - Running processing for peppers.pgm 
2022-05-18 21:08:36,795 SpawnPoolWorker-5 MainThread - INFO - Running processing for peppers.pgm 
2022-05-18 21:08:36,795 SpawnPoolWorker-8 MainThread - INFO - k = 5 
2022-05-18 21:08:36,795 SpawnPoolWorker-8 MainThread - INFO - Running processing for peppers.pgm 
2022-05-18 21:08:36,797 SpawnPoolWorker-3 MainThread - INFO - k = 6 
2022-05-18 21:08:36,797 SpawnPoolWorker-3 MainThread - INFO - Running processing for peppers.pgm 
2022-05-18 21:08:36,800 SpawnPoolWorker-1 MainThread - INFO - k = 7 
2022-05-18 21:08:36,800 SpawnPoolWorker-1 MainThread - INFO - Running processing for peppers.pgm 
2022-05-18 21:08:36,804 SpawnPoolWorker-6 MainThread - INFO - k = 8 
2022-05-18 21:08:36,804 SpawnPoolWorker-6 MainThread - INFO - Running processing for peppers.pgm 
2022-05-18 21:08:36,805 SpawnPoolWorker-9 MainThread - INFO - k = 9 
2022-05-18 21:08:36,806 SpawnPoolWorker-9 MainThread - INFO - Running processing for peppers.pgm 
2022-05-18 21:08:36,828 SpawnPoolWorker-10 MainThread - INFO - k = 10 
2022-05-18 21:08:36,829 SpawnPoolWorker-10 MainThread - INFO - Running processing for peppers.pgm 
2022-05-18 21:08:36,829 SpawnPoolWorker-7 MainThread - INFO - k = 11 
2022-05-18 21:08:36,829 SpawnPoolWorker-7 MainThread - INFO - Running processing for peppers.pgm 
2022-05-18 21:08:36,939 SpawnPoolWorker-6 MainThread - INFO - Running processing for lena.pgm 
2022-05-18 21:08:36,957 SpawnPoolWorker-9 MainThread - INFO - Running processing for lena.pgm 
2022-05-18 21:08:36,960 SpawnPoolWorker-7 MainThread - INFO - Running processing for lena.pgm 
2022-05-18 21:08:36,960 SpawnPoolWorker-10 MainThread - INFO - Running processing for lena.pgm 
2022-05-18 21:08:37,089 SpawnPoolWorker-6 MainThread - INFO - Running processing for boat.pgm 
2022-05-18 21:08:37,094 SpawnPoolWorker-7 MainThread - INFO - Running processing for boat.pgm 
2022-05-18 21:08:37,096 SpawnPoolWorker-10 MainThread - INFO - Running processing for boat.pgm 
2022-05-18 21:08:37,110 SpawnPoolWorker-9 MainThread - INFO - Running processing for boat.pgm 
2022-05-18 21:08:37,227 SpawnPoolWorker-10 MainThread - INFO - Running processing for barbara.pgm 
2022-05-18 21:08:37,229 SpawnPoolWorker-7 MainThread - INFO - Running processing for barbara.pgm 
2022-05-18 21:08:37,230 SpawnPoolWorker-6 MainThread - INFO - Running processing for barbara.pgm 
2022-05-18 21:08:37,252 SpawnPoolWorker-9 MainThread - INFO - Running processing for barbara.pgm 
2022-05-18 21:08:37,361 SpawnPoolWorker-6 MainThread - INFO - Running processing for chronometer.pgm 
2022-05-18 21:08:37,370 SpawnPoolWorker-10 MainThread - INFO - Running processing for chronometer.pgm 
2022-05-18 21:08:37,401 SpawnPoolWorker-7 MainThread - INFO - Running processing for chronometer.pgm 
2022-05-18 21:08:37,408 SpawnPoolWorker-9 MainThread - INFO - Running processing for chronometer.pgm 
2022-05-18 21:08:37,506 SpawnPoolWorker-10 MainThread - INFO - Running processing for mandril.pgm 
2022-05-18 21:08:37,525 SpawnPoolWorker-7 MainThread - INFO - Running processing for mandril.pgm 
2022-05-18 21:08:37,555 SpawnPoolWorker-9 MainThread - INFO - Running processing for mandril.pgm 
2022-05-18 21:08:37,651 SpawnPoolWorker-7 MainThread - INFO - k = 12 
2022-05-18 21:08:37,651 SpawnPoolWorker-7 MainThread - INFO - Running processing for peppers.pgm 
2022-05-18 21:08:37,654 SpawnPoolWorker-10 MainThread - INFO - k = 13 
2022-05-18 21:08:37,655 SpawnPoolWorker-10 MainThread - INFO - Running processing for peppers.pgm 
2022-05-18 21:08:37,696 SpawnPoolWorker-9 MainThread - INFO - k = 14 
2022-05-18 21:08:37,697 SpawnPoolWorker-9 MainThread - INFO - Running processing for peppers.pgm 
2022-05-18 21:08:37,794 SpawnPoolWorker-10 MainThread - INFO - Running processing for lena.pgm 
2022-05-18 21:08:37,800 SpawnPoolWorker-7 MainThread - INFO - Running processing for lena.pgm 
2022-05-18 21:08:37,897 SpawnPoolWorker-9 MainThread - INFO - Running processing for lena.pgm 
2022-05-18 21:08:37,940 SpawnPoolWorker-7 MainThread - INFO - Running processing for boat.pgm 
2022-05-18 21:08:37,946 SpawnPoolWorker-10 MainThread - INFO - Running processing for boat.pgm 
2022-05-18 21:08:38,075 SpawnPoolWorker-7 MainThread - INFO - Running processing for barbara.pgm 
2022-05-18 21:08:38,083 SpawnPoolWorker-10 MainThread - INFO - Running processing for barbara.pgm 
2022-05-18 21:08:38,085 SpawnPoolWorker-9 MainThread - INFO - Running processing for boat.pgm 
2022-05-18 21:08:38,225 SpawnPoolWorker-10 MainThread - INFO - Running processing for chronometer.pgm 
2022-05-18 21:08:38,240 SpawnPoolWorker-7 MainThread - INFO - Running processing for chronometer.pgm 
2022-05-18 21:08:38,271 SpawnPoolWorker-9 MainThread - INFO - Running processing for barbara.pgm 
2022-05-18 21:08:38,366 SpawnPoolWorker-7 MainThread - INFO - Running processing for mandril.pgm 
2022-05-18 21:08:38,375 SpawnPoolWorker-10 MainThread - INFO - Running processing for mandril.pgm 
2022-05-18 21:08:38,457 SpawnPoolWorker-9 MainThread - INFO - Running processing for chronometer.pgm 
2022-05-18 21:08:38,494 SpawnPoolWorker-7 MainThread - INFO - k = 15 
2022-05-18 21:08:38,494 SpawnPoolWorker-7 MainThread - INFO - Running processing for peppers.pgm 
2022-05-18 21:08:38,550 SpawnPoolWorker-10 MainThread - INFO - k = 16 
2022-05-18 21:08:38,551 SpawnPoolWorker-10 MainThread - INFO - Running processing for peppers.pgm 
2022-05-18 21:08:38,637 SpawnPoolWorker-9 MainThread - INFO - Running processing for mandril.pgm 
2022-05-18 21:08:38,818 SpawnPoolWorker-9 MainThread - INFO - k = 17 
2022-05-18 21:08:38,818 SpawnPoolWorker-9 MainThread - INFO - Running processing for peppers.pgm 
2022-05-18 21:08:38,841 SpawnPoolWorker-7 MainThread - INFO - Running processing for lena.pgm 
2022-05-18 21:08:39,190 SpawnPoolWorker-7 MainThread - INFO - Running processing for boat.pgm 
2022-05-18 21:08:39,483 SpawnPoolWorker-7 MainThread - INFO - Running processing for barbara.pgm 
2022-05-18 21:08:39,550 SpawnPoolWorker-10 MainThread - INFO - Running processing for lena.pgm 
2022-05-18 21:08:39,793 SpawnPoolWorker-7 MainThread - INFO - Running processing for chronometer.pgm 
2022-05-18 21:08:40,073 SpawnPoolWorker-7 MainThread - INFO - Running processing for mandril.pgm 
2022-05-18 21:08:40,418 SpawnPoolWorker-7 MainThread - INFO - k = 18 
2022-05-18 21:08:40,418 SpawnPoolWorker-7 MainThread - INFO - Running processing for peppers.pgm 
2022-05-18 21:08:40,428 SpawnPoolWorker-10 MainThread - INFO - Running processing for boat.pgm 
2022-05-18 21:08:41,204 SpawnPoolWorker-10 MainThread - INFO - Running processing for barbara.pgm 
2022-05-18 21:08:41,977 SpawnPoolWorker-10 MainThread - INFO - Running processing for chronometer.pgm 
2022-05-18 21:08:42,738 SpawnPoolWorker-10 MainThread - INFO - Running processing for mandril.pgm 
2022-05-18 21:08:42,825 SpawnPoolWorker-9 MainThread - INFO - Running processing for lena.pgm 
2022-05-18 21:08:45,698 SpawnPoolWorker-6 MainThread - INFO - Running processing for mandril.pgm 
2022-05-18 21:08:45,772 SpawnPoolWorker-9 MainThread - INFO - Running processing for boat.pgm 
2022-05-18 21:08:48,181 SpawnPoolWorker-9 MainThread - INFO - Running processing for barbara.pgm 
2022-05-18 21:08:50,755 SpawnPoolWorker-9 MainThread - INFO - Running processing for chronometer.pgm 
2022-05-18 21:08:53,117 SpawnPoolWorker-9 MainThread - INFO - Running processing for mandril.pgm 
2022-05-18 21:08:56,006 SpawnPoolWorker-7 MainThread - INFO - Running processing for lena.pgm 
2022-05-18 21:09:01,574 SpawnPoolWorker-1 MainThread - INFO - Running processing for lena.pgm 
2022-05-18 21:09:03,217 SpawnPoolWorker-2 MainThread - INFO - Running processing for lena.pgm 
2022-05-18 21:09:03,225 SpawnPoolWorker-3 MainThread - INFO - Running processing for lena.pgm 
2022-05-18 21:09:03,301 SpawnPoolWorker-5 MainThread - INFO - Running processing for lena.pgm 
2022-05-18 21:09:03,332 SpawnPoolWorker-8 MainThread - INFO - Running processing for lena.pgm 
2022-05-18 21:09:03,369 SpawnPoolWorker-4 MainThread - INFO - Running processing for lena.pgm 
2022-05-18 21:09:07,424 SpawnPoolWorker-7 MainThread - INFO - Running processing for boat.pgm 
2022-05-18 21:09:17,364 SpawnPoolWorker-7 MainThread - INFO - Running processing for barbara.pgm 
2022-05-18 21:09:26,867 SpawnPoolWorker-1 MainThread - INFO - Running processing for boat.pgm 
2022-05-18 21:09:29,236 SpawnPoolWorker-3 MainThread - INFO - Running processing for boat.pgm 
2022-05-18 21:09:29,250 SpawnPoolWorker-2 MainThread - INFO - Running processing for boat.pgm 
2022-05-18 21:09:29,251 SpawnPoolWorker-8 MainThread - INFO - Running processing for boat.pgm 
2022-05-18 21:09:29,345 SpawnPoolWorker-5 MainThread - INFO - Running processing for boat.pgm 
2022-05-18 21:09:29,432 SpawnPoolWorker-4 MainThread - INFO - Running processing for boat.pgm 
2022-05-18 21:09:29,602 SpawnPoolWorker-7 MainThread - INFO - Running processing for chronometer.pgm 
2022-05-18 21:09:39,835 SpawnPoolWorker-7 MainThread - INFO - Running processing for mandril.pgm 
2022-05-18 21:09:51,280 SpawnPoolWorker-1 MainThread - INFO - Running processing for barbara.pgm 
2022-05-18 21:09:54,722 SpawnPoolWorker-3 MainThread - INFO - Running processing for barbara.pgm 
2022-05-18 21:09:54,791 SpawnPoolWorker-8 MainThread - INFO - Running processing for barbara.pgm 
2022-05-18 21:09:54,808 SpawnPoolWorker-2 MainThread - INFO - Running processing for barbara.pgm 
2022-05-18 21:09:54,861 SpawnPoolWorker-5 MainThread - INFO - Running processing for barbara.pgm 
2022-05-18 21:09:55,004 SpawnPoolWorker-4 MainThread - INFO - Running processing for barbara.pgm 
2022-05-18 21:10:16,396 SpawnPoolWorker-1 MainThread - INFO - Running processing for chronometer.pgm 
2022-05-18 21:10:19,602 SpawnPoolWorker-3 MainThread - INFO - Running processing for chronometer.pgm 
2022-05-18 21:10:19,681 SpawnPoolWorker-2 MainThread - INFO - Running processing for chronometer.pgm 
2022-05-18 21:10:19,696 SpawnPoolWorker-8 MainThread - INFO - Running processing for chronometer.pgm 
2022-05-18 21:10:19,738 SpawnPoolWorker-5 MainThread - INFO - Running processing for chronometer.pgm 
2022-05-18 21:10:19,879 SpawnPoolWorker-4 MainThread - INFO - Running processing for chronometer.pgm 
2022-05-18 21:10:40,910 SpawnPoolWorker-1 MainThread - INFO - Running processing for mandril.pgm 
2022-05-18 21:10:44,413 SpawnPoolWorker-3 MainThread - INFO - Running processing for mandril.pgm 
2022-05-18 21:10:44,514 SpawnPoolWorker-8 MainThread - INFO - Running processing for mandril.pgm 
2022-05-18 21:10:44,557 SpawnPoolWorker-2 MainThread - INFO - Running processing for mandril.pgm 
2022-05-18 21:10:44,600 SpawnPoolWorker-5 MainThread - INFO - Running processing for mandril.pgm 
2022-05-18 21:10:44,757 SpawnPoolWorker-4 MainThread - INFO - Running processing for mandril.pgm 
2022-05-18 21:11:09,619 MainProcess MainThread - INFO - Processing ended 
2022-05-18 21:21:26,560 MainProcess MainThread - INFO - Starting processing 
2022-05-18 21:21:26,561 MainProcess MainThread - INFO - Processing ended 
2022-05-18 21:21:33,953 MainProcess MainThread - INFO - Starting processing 
2022-05-18 21:21:33,954 MainProcess MainThread - INFO - Processing ended 
2022-05-18 21:21:46,539 MainProcess MainThread - INFO - Starting processing 
2022-05-18 21:21:46,540 MainProcess MainThread - INFO - Processing ended 
2022-05-18 21:23:07,764 MainProcess MainThread - INFO - Starting processing 
2022-05-18 21:23:07,765 MainProcess MainThread - INFO - Processing ended 
2022-05-18 21:23:39,823 MainProcess MainThread - INFO - Starting processing 
2022-05-18 21:24:25,270 MainProcess MainThread - INFO - Starting processing 
2022-05-18 21:24:41,241 MainProcess MainThread - INFO - Starting processing 
2022-05-18 21:25:08,353 MainProcess MainThread - INFO - Starting processing 
2022-05-18 21:25:46,346 MainProcess MainThread - INFO - Starting processing 
2022-05-18 21:25:51,818 MainProcess MainThread - INFO - Processing config loaded 
2022-05-18 21:25:51,818 MainProcess MainThread - INFO - Running processing for each image for all k = [2, 3, 4, 5, 6, 7, 8, 9, 10, 11, 12, 13, 14, 15, 16, 17, 18] parameters 
2022-05-18 21:25:58,190 SpawnPoolWorker-1 MainThread - INFO - k = 2 
2022-05-18 21:25:58,190 SpawnPoolWorker-1 MainThread - INFO - Running processing for normal_10.pgm 
2022-05-18 21:25:58,190 SpawnPoolWorker-2 MainThread - INFO - k = 3 
2022-05-18 21:25:58,191 SpawnPoolWorker-2 MainThread - INFO - Running processing for normal_10.pgm 
2022-05-18 21:25:58,191 SpawnPoolWorker-3 MainThread - INFO - k = 4 
2022-05-18 21:25:58,191 SpawnPoolWorker-3 MainThread - INFO - Running processing for normal_10.pgm 
2022-05-18 21:25:58,191 SpawnPoolWorker-4 MainThread - INFO - k = 5 
2022-05-18 21:25:58,192 SpawnPoolWorker-4 MainThread - INFO - Running processing for normal_10.pgm 
2022-05-18 21:25:58,192 SpawnPoolWorker-5 MainThread - INFO - k = 6 
2022-05-18 21:25:58,192 SpawnPoolWorker-5 MainThread - INFO - Running processing for normal_10.pgm 
2022-05-18 21:25:58,193 SpawnPoolWorker-6 MainThread - INFO - k = 7 
2022-05-18 21:25:58,193 SpawnPoolWorker-6 MainThread - INFO - Running processing for normal_10.pgm 
2022-05-18 21:25:58,193 SpawnPoolWorker-7 MainThread - INFO - k = 8 
2022-05-18 21:25:58,193 SpawnPoolWorker-7 MainThread - INFO - Running processing for normal_10.pgm 
2022-05-18 21:25:58,195 SpawnPoolWorker-8 MainThread - INFO - k = 9 
2022-05-18 21:25:58,196 SpawnPoolWorker-8 MainThread - INFO - Running processing for normal_10.pgm 
2022-05-18 21:25:58,313 SpawnPoolWorker-9 MainThread - INFO - k = 10 
2022-05-18 21:25:58,314 SpawnPoolWorker-9 MainThread - INFO - Running processing for normal_10.pgm 
2022-05-18 21:25:59,299 SpawnPoolWorker-10 MainThread - INFO - k = 11 
2022-05-18 21:25:59,300 SpawnPoolWorker-10 MainThread - INFO - Running processing for normal_10.pgm 
2022-05-18 21:26:08,575 SpawnPoolWorker-10 MainThread - INFO - Running processing for geometr_09.pgm 
2022-05-18 21:26:08,584 SpawnPoolWorker-7 MainThread - INFO - Running processing for geometr_09.pgm 
2022-05-18 21:26:08,590 SpawnPoolWorker-9 MainThread - INFO - Running processing for geometr_09.pgm 
2022-05-18 21:26:08,600 SpawnPoolWorker-8 MainThread - INFO - Running processing for geometr_09.pgm 
2022-05-18 21:26:08,613 SpawnPoolWorker-6 MainThread - INFO - Running processing for geometr_09.pgm 
2022-05-18 21:26:12,502 SpawnPoolWorker-10 MainThread - INFO - Running processing for geometr_099.pgm 
2022-05-18 21:26:12,509 SpawnPoolWorker-9 MainThread - INFO - Running processing for geometr_099.pgm 
2022-05-18 21:26:12,515 SpawnPoolWorker-8 MainThread - INFO - Running processing for geometr_099.pgm 
2022-05-18 21:26:12,521 SpawnPoolWorker-7 MainThread - INFO - Running processing for geometr_099.pgm 
2022-05-18 21:26:12,550 SpawnPoolWorker-6 MainThread - INFO - Running processing for geometr_099.pgm 
2022-05-18 21:26:13,940 SpawnPoolWorker-8 MainThread - INFO - Running processing for laplace_30.pgm 
2022-05-18 21:26:13,941 SpawnPoolWorker-10 MainThread - INFO - Running processing for laplace_30.pgm 
2022-05-18 21:26:13,978 SpawnPoolWorker-9 MainThread - INFO - Running processing for laplace_30.pgm 
2022-05-18 21:26:15,166 SpawnPoolWorker-10 MainThread - INFO - Running processing for laplace_20.pgm 
2022-05-18 21:26:15,188 SpawnPoolWorker-9 MainThread - INFO - Running processing for laplace_20.pgm 
2022-05-18 21:26:15,201 SpawnPoolWorker-8 MainThread - INFO - Running processing for laplace_20.pgm 
2022-05-18 21:26:17,673 SpawnPoolWorker-10 MainThread - INFO - Running processing for uniform.pgm 
2022-05-18 21:26:17,689 SpawnPoolWorker-8 MainThread - INFO - Running processing for uniform.pgm 
2022-05-18 21:26:17,721 SpawnPoolWorker-9 MainThread - INFO - Running processing for uniform.pgm 
2022-05-18 21:26:19,384 SpawnPoolWorker-8 MainThread - INFO - Running processing for laplace_10.pgm 
2022-05-18 21:26:19,391 SpawnPoolWorker-10 MainThread - INFO - Running processing for laplace_10.pgm 
2022-05-18 21:26:19,413 SpawnPoolWorker-9 MainThread - INFO - Running processing for laplace_10.pgm 
2022-05-18 21:26:20,629 SpawnPoolWorker-10 MainThread - INFO - Running processing for normal_50.pgm 
2022-05-18 21:26:20,632 SpawnPoolWorker-8 MainThread - INFO - Running processing for normal_50.pgm 
2022-05-18 21:26:20,634 SpawnPoolWorker-9 MainThread - INFO - Running processing for normal_50.pgm 
2022-05-18 21:26:21,985 SpawnPoolWorker-8 MainThread - INFO - Running processing for geometr_05.pgm 
2022-05-18 21:26:21,993 SpawnPoolWorker-9 MainThread - INFO - Running processing for geometr_05.pgm 
2022-05-18 21:26:22,019 SpawnPoolWorker-10 MainThread - INFO - Running processing for geometr_05.pgm 
2022-05-18 21:26:28,383 SpawnPoolWorker-10 MainThread - INFO - Running processing for normal_30.pgm 
2022-05-18 21:26:28,386 SpawnPoolWorker-9 MainThread - INFO - Running processing for normal_30.pgm 
2022-05-18 21:26:28,397 SpawnPoolWorker-8 MainThread - INFO - Running processing for normal_30.pgm 
2022-05-18 21:26:29,458 SpawnPoolWorker-8 MainThread - INFO - k = 12 
2022-05-18 21:26:29,460 SpawnPoolWorker-8 MainThread - INFO - Running processing for normal_10.pgm 
2022-05-18 21:26:29,461 SpawnPoolWorker-9 MainThread - INFO - k = 13 
2022-05-18 21:26:29,461 SpawnPoolWorker-9 MainThread - INFO - Running processing for normal_10.pgm 
2022-05-18 21:26:29,512 SpawnPoolWorker-10 MainThread - INFO - k = 14 
2022-05-18 21:26:29,512 SpawnPoolWorker-10 MainThread - INFO - Running processing for normal_10.pgm 
2022-05-18 21:26:30,450 SpawnPoolWorker-9 MainThread - INFO - Running processing for geometr_09.pgm 
2022-05-18 21:26:30,463 SpawnPoolWorker-8 MainThread - INFO - Running processing for geometr_09.pgm 
2022-05-18 21:26:30,516 SpawnPoolWorker-10 MainThread - INFO - Running processing for geometr_09.pgm 
2022-05-18 21:26:31,922 SpawnPoolWorker-8 MainThread - INFO - Running processing for geometr_099.pgm 
2022-05-18 21:26:31,929 SpawnPoolWorker-9 MainThread - INFO - Running processing for geometr_099.pgm 
2022-05-18 21:26:31,962 SpawnPoolWorker-10 MainThread - INFO - Running processing for geometr_099.pgm 
2022-05-18 21:26:33,334 SpawnPoolWorker-9 MainThread - INFO - Running processing for laplace_30.pgm 
2022-05-18 21:26:33,341 SpawnPoolWorker-8 MainThread - INFO - Running processing for laplace_30.pgm 
2022-05-18 21:26:33,406 SpawnPoolWorker-10 MainThread - INFO - Running processing for laplace_30.pgm 
2022-05-18 21:26:34,369 SpawnPoolWorker-8 MainThread - INFO - Running processing for laplace_20.pgm 
2022-05-18 21:26:34,370 SpawnPoolWorker-9 MainThread - INFO - Running processing for laplace_20.pgm 
2022-05-18 21:26:34,450 SpawnPoolWorker-10 MainThread - INFO - Running processing for laplace_20.pgm 
2022-05-18 21:26:34,671 SpawnPoolWorker-5 MainThread - INFO - Running processing for geometr_09.pgm 
2022-05-18 21:26:34,856 SpawnPoolWorker-3 MainThread - INFO - Running processing for geometr_09.pgm 
2022-05-18 21:26:34,858 SpawnPoolWorker-2 MainThread - INFO - Running processing for geometr_09.pgm 
2022-05-18 21:26:34,884 SpawnPoolWorker-1 MainThread - INFO - Running processing for geometr_09.pgm 
2022-05-18 21:26:34,920 SpawnPoolWorker-4 MainThread - INFO - Running processing for geometr_09.pgm 
2022-05-18 21:26:39,223 SpawnPoolWorker-7 MainThread - INFO - Running processing for laplace_30.pgm 
2022-05-18 21:26:39,942 SpawnPoolWorker-6 MainThread - INFO - Running processing for laplace_30.pgm 
2022-05-18 21:27:31,365 SpawnPoolWorker-9 MainThread - INFO - Running processing for uniform.pgm 
2022-05-18 21:27:31,372 SpawnPoolWorker-8 MainThread - INFO - Running processing for uniform.pgm 
2022-05-18 21:27:31,426 SpawnPoolWorker-10 MainThread - INFO - Running processing for uniform.pgm 
2022-05-18 21:27:32,869 SpawnPoolWorker-8 MainThread - INFO - Running processing for laplace_10.pgm 
2022-05-18 21:27:32,887 SpawnPoolWorker-9 MainThread - INFO - Running processing for laplace_10.pgm 
2022-05-18 21:27:32,906 SpawnPoolWorker-10 MainThread - INFO - Running processing for laplace_10.pgm 
2022-05-18 21:27:34,398 SpawnPoolWorker-8 MainThread - INFO - Running processing for normal_50.pgm 
2022-05-18 21:27:34,403 SpawnPoolWorker-9 MainThread - INFO - Running processing for normal_50.pgm 
2022-05-18 21:27:34,442 SpawnPoolWorker-10 MainThread - INFO - Running processing for normal_50.pgm 
2022-05-18 21:27:36,639 SpawnPoolWorker-8 MainThread - INFO - Running processing for geometr_05.pgm 
2022-05-18 21:27:36,642 SpawnPoolWorker-9 MainThread - INFO - Running processing for geometr_05.pgm 
2022-05-18 21:27:36,673 SpawnPoolWorker-10 MainThread - INFO - Running processing for geometr_05.pgm 
2022-05-18 21:27:56,177 SpawnPoolWorker-7 MainThread - INFO - Running processing for laplace_20.pgm 
2022-05-18 21:27:56,755 SpawnPoolWorker-5 MainThread - INFO - Running processing for geometr_099.pgm 
2022-05-18 21:27:57,453 SpawnPoolWorker-6 MainThread - INFO - Running processing for laplace_20.pgm 
2022-05-18 21:27:57,502 SpawnPoolWorker-4 MainThread - INFO - Running processing for geometr_099.pgm 
2022-05-18 21:27:57,523 SpawnPoolWorker-1 MainThread - INFO - Running processing for geometr_099.pgm 
2022-05-18 21:27:57,540 SpawnPoolWorker-3 MainThread - INFO - Running processing for geometr_099.pgm 
2022-05-18 21:27:57,566 SpawnPoolWorker-2 MainThread - INFO - Running processing for geometr_099.pgm 
2022-05-18 21:28:21,601 MainProcess MainThread - INFO - Starting processing 
2022-05-18 21:28:21,603 MainProcess MainThread - INFO - Processing config loaded 
2022-05-18 21:28:21,603 MainProcess MainThread - INFO - Running processing for each image for all k = [2, 3, 4, 5, 6, 7, 8, 9, 10, 11, 12, 13, 14, 15, 16, 17, 18] parameters 
2022-05-18 21:28:27,535 SpawnPoolWorker-1 MainThread - INFO - k = 2 
2022-05-18 21:28:27,535 SpawnPoolWorker-1 MainThread - INFO - Running processing for normal_10.pgm 
2022-05-18 21:28:27,535 SpawnPoolWorker-2 MainThread - INFO - k = 3 
2022-05-18 21:28:27,535 SpawnPoolWorker-2 MainThread - INFO - Running processing for normal_10.pgm 
2022-05-18 21:28:27,535 SpawnPoolWorker-3 MainThread - INFO - k = 4 
2022-05-18 21:28:27,536 SpawnPoolWorker-3 MainThread - INFO - Running processing for normal_10.pgm 
2022-05-18 21:28:27,536 SpawnPoolWorker-4 MainThread - INFO - k = 5 
2022-05-18 21:28:27,536 SpawnPoolWorker-4 MainThread - INFO - Running processing for normal_10.pgm 
2022-05-18 21:28:27,537 SpawnPoolWorker-5 MainThread - INFO - k = 6 
2022-05-18 21:28:27,537 SpawnPoolWorker-5 MainThread - INFO - Running processing for normal_10.pgm 
2022-05-18 21:28:27,537 SpawnPoolWorker-6 MainThread - INFO - k = 7 
2022-05-18 21:28:27,537 SpawnPoolWorker-6 MainThread - INFO - Running processing for normal_10.pgm 
2022-05-18 21:28:27,538 SpawnPoolWorker-7 MainThread - INFO - k = 8 
2022-05-18 21:28:27,538 SpawnPoolWorker-7 MainThread - INFO - Running processing for normal_10.pgm 
2022-05-18 21:28:27,539 SpawnPoolWorker-8 MainThread - INFO - k = 9 
2022-05-18 21:28:27,539 SpawnPoolWorker-8 MainThread - INFO - Running processing for normal_10.pgm 
2022-05-18 21:28:27,661 SpawnPoolWorker-9 MainThread - INFO - k = 10 
2022-05-18 21:28:27,661 SpawnPoolWorker-9 MainThread - INFO - Running processing for normal_10.pgm 
2022-05-18 21:28:28,790 SpawnPoolWorker-10 MainThread - INFO - k = 11 
2022-05-18 21:28:28,791 SpawnPoolWorker-10 MainThread - INFO - Running processing for normal_10.pgm 
2022-05-18 21:28:37,526 MainProcess MainThread - INFO - Starting processing 
2022-05-18 21:28:37,528 MainProcess MainThread - INFO - Processing config loaded 
2022-05-18 21:28:37,528 MainProcess MainThread - INFO - Running processing for each image for all k = [2, 3, 4, 5, 6, 7, 8, 9, 10, 11, 12, 13, 14, 15, 16, 17, 18] parameters 
2022-05-18 21:28:37,528 MainProcess MainThread - INFO - k = 2 
2022-05-18 21:28:37,528 MainProcess MainThread - INFO - Running processing for normal_10.pgm 
2022-05-18 21:28:44,012 MainProcess MainThread - INFO - Starting processing 
2022-05-18 21:28:44,014 MainProcess MainThread - INFO - Processing config loaded 
2022-05-18 21:28:44,014 MainProcess MainThread - INFO - Running processing for each image for all k = [2, 3, 4, 5, 6, 7, 8, 9, 10, 11, 12, 13, 14, 15, 16, 17, 18] parameters 
2022-05-18 21:28:44,014 MainProcess MainThread - INFO - k = 2 
2022-05-18 21:28:44,014 MainProcess MainThread - INFO - Running processing for normal_10.pgm 
2022-05-18 21:29:26,185 MainProcess MainThread - INFO - Running processing for geometr_09.pgm 
2022-05-18 21:30:06,695 MainProcess MainThread - INFO - Running processing for geometr_099.pgm 
2022-05-18 21:30:52,004 MainProcess MainThread - INFO - Running processing for laplace_30.pgm 
2022-05-18 21:31:43,855 MainProcess MainThread - INFO - Running processing for laplace_20.pgm 
2022-05-18 21:32:35,124 MainProcess MainThread - INFO - Starting processing 
2022-05-18 21:32:35,125 MainProcess MainThread - INFO - Processing config loaded 
2022-05-18 21:32:35,125 MainProcess MainThread - INFO - Running processing for each image for all k = [8, 9, 10, 11, 12, 13, 14, 15, 16, 17, 18] parameters 
2022-05-18 21:32:35,125 MainProcess MainThread - INFO - k = 8 
2022-05-18 21:32:35,125 MainProcess MainThread - INFO - Running processing for normal_10.pgm 
2022-05-18 21:36:39,277 MainProcess MainThread - INFO - Starting processing 
2022-05-18 21:36:39,277 MainProcess MainThread - INFO - Processing config loaded 
2022-05-18 21:36:39,277 MainProcess MainThread - INFO - Running processing for each image for all k = [8, 9, 10, 11, 12, 13, 14, 15, 16, 17, 18] parameters 
2022-05-18 21:36:39,277 MainProcess MainThread - INFO - k = 8 
2022-05-18 21:36:39,278 MainProcess MainThread - INFO - Running processing for normal_10.pgm 
2022-05-18 21:36:39,831 MainProcess MainThread - INFO - Running processing for geometr_09.pgm 
2022-05-18 21:36:39,965 MainProcess MainThread - INFO - Running processing for geometr_099.pgm 
2022-05-18 21:36:40,096 MainProcess MainThread - INFO - Running processing for laplace_30.pgm 
2022-05-18 21:36:40,222 MainProcess MainThread - INFO - Running processing for laplace_20.pgm 
2022-05-18 21:36:40,351 MainProcess MainThread - INFO - Running processing for uniform.pgm 
2022-05-18 21:36:40,483 MainProcess MainThread - INFO - Running processing for laplace_10.pgm 
2022-05-18 21:36:40,620 MainProcess MainThread - INFO - Running processing for normal_50.pgm 
2022-05-18 21:36:40,760 MainProcess MainThread - INFO - Running processing for geometr_05.pgm 
2022-05-18 21:36:40,911 MainProcess MainThread - INFO - Running processing for normal_30.pgm 
2022-05-18 21:36:41,052 MainProcess MainThread - INFO - k = 9 
2022-05-18 21:36:41,052 MainProcess MainThread - INFO - Running processing for normal_10.pgm 
2022-05-18 21:36:41,179 MainProcess MainThread - INFO - Running processing for geometr_09.pgm 
2022-05-18 21:36:41,307 MainProcess MainThread - INFO - Running processing for geometr_099.pgm 
2022-05-18 21:36:41,436 MainProcess MainThread - INFO - Running processing for laplace_30.pgm 
2022-05-18 21:36:41,569 MainProcess MainThread - INFO - Running processing for laplace_20.pgm 
2022-05-18 21:36:41,717 MainProcess MainThread - INFO - Running processing for uniform.pgm 
2022-05-18 21:36:41,860 MainProcess MainThread - INFO - Running processing for laplace_10.pgm 
2022-05-18 21:36:42,044 MainProcess MainThread - INFO - Running processing for normal_50.pgm 
2022-05-18 21:36:42,186 MainProcess MainThread - INFO - Running processing for geometr_05.pgm 
2022-05-18 21:36:42,321 MainProcess MainThread - INFO - Running processing for normal_30.pgm 
2022-05-18 21:36:42,471 MainProcess MainThread - INFO - k = 10 
2022-05-18 21:36:42,472 MainProcess MainThread - INFO - Running processing for normal_10.pgm 
2022-05-18 21:36:42,603 MainProcess MainThread - INFO - Running processing for geometr_09.pgm 
2022-05-18 21:36:42,732 MainProcess MainThread - INFO - Running processing for geometr_099.pgm 
2022-05-18 21:36:42,867 MainProcess MainThread - INFO - Running processing for laplace_30.pgm 
2022-05-18 21:36:42,996 MainProcess MainThread - INFO - Running processing for laplace_20.pgm 
2022-05-18 21:36:43,127 MainProcess MainThread - INFO - Running processing for uniform.pgm 
2022-05-18 21:36:43,256 MainProcess MainThread - INFO - Running processing for laplace_10.pgm 
2022-05-18 21:36:43,390 MainProcess MainThread - INFO - Running processing for normal_50.pgm 
2022-05-18 21:36:43,519 MainProcess MainThread - INFO - Running processing for geometr_05.pgm 
2022-05-18 21:36:43,648 MainProcess MainThread - INFO - Running processing for normal_30.pgm 
2022-05-18 21:36:43,779 MainProcess MainThread - INFO - k = 11 
2022-05-18 21:36:43,779 MainProcess MainThread - INFO - Running processing for normal_10.pgm 
2022-05-18 21:36:43,909 MainProcess MainThread - INFO - Running processing for geometr_09.pgm 
2022-05-18 21:36:44,016 MainProcess MainThread - INFO - Running processing for geometr_099.pgm 
2022-05-18 21:36:44,124 MainProcess MainThread - INFO - Running processing for laplace_30.pgm 
2022-05-18 21:36:44,229 MainProcess MainThread - INFO - Running processing for laplace_20.pgm 
2022-05-18 21:36:44,335 MainProcess MainThread - INFO - Running processing for uniform.pgm 
2022-05-18 21:36:44,446 MainProcess MainThread - INFO - Running processing for laplace_10.pgm 
2022-05-18 21:36:44,554 MainProcess MainThread - INFO - Running processing for normal_50.pgm 
2022-05-18 21:36:44,668 MainProcess MainThread - INFO - Running processing for geometr_05.pgm 
2022-05-18 21:36:44,780 MainProcess MainThread - INFO - Running processing for normal_30.pgm 
2022-05-18 21:36:44,890 MainProcess MainThread - INFO - k = 12 
2022-05-18 21:36:44,890 MainProcess MainThread - INFO - Running processing for normal_10.pgm 
2022-05-18 21:36:45,000 MainProcess MainThread - INFO - Running processing for geometr_09.pgm 
2022-05-18 21:36:45,135 MainProcess MainThread - INFO - Running processing for geometr_099.pgm 
2022-05-18 21:36:45,246 MainProcess MainThread - INFO - Running processing for laplace_30.pgm 
2022-05-18 21:36:45,351 MainProcess MainThread - INFO - Running processing for laplace_20.pgm 
2022-05-18 21:36:45,456 MainProcess MainThread - INFO - Running processing for uniform.pgm 
2022-05-18 21:36:45,569 MainProcess MainThread - INFO - Running processing for laplace_10.pgm 
2022-05-18 21:36:45,679 MainProcess MainThread - INFO - Running processing for normal_50.pgm 
2022-05-18 21:36:45,790 MainProcess MainThread - INFO - Running processing for geometr_05.pgm 
2022-05-18 21:36:45,910 MainProcess MainThread - INFO - Running processing for normal_30.pgm 
2022-05-18 21:36:46,019 MainProcess MainThread - INFO - k = 13 
2022-05-18 21:36:46,019 MainProcess MainThread - INFO - Running processing for normal_10.pgm 
2022-05-18 21:36:46,137 MainProcess MainThread - INFO - Running processing for geometr_09.pgm 
2022-05-18 21:36:46,254 MainProcess MainThread - INFO - Running processing for geometr_099.pgm 
2022-05-18 21:36:46,385 MainProcess MainThread - INFO - Running processing for laplace_30.pgm 
2022-05-18 21:36:46,493 MainProcess MainThread - INFO - Running processing for laplace_20.pgm 
2022-05-18 21:36:46,604 MainProcess MainThread - INFO - Running processing for uniform.pgm 
2022-05-18 21:36:46,717 MainProcess MainThread - INFO - Running processing for laplace_10.pgm 
2022-05-18 21:36:46,831 MainProcess MainThread - INFO - Running processing for normal_50.pgm 
2022-05-18 21:36:46,946 MainProcess MainThread - INFO - Running processing for geometr_05.pgm 
2022-05-18 21:36:47,104 MainProcess MainThread - INFO - Running processing for normal_30.pgm 
2022-05-18 21:36:47,218 MainProcess MainThread - INFO - k = 14 
2022-05-18 21:36:47,218 MainProcess MainThread - INFO - Running processing for normal_10.pgm 
2022-05-18 21:36:47,374 MainProcess MainThread - INFO - Running processing for geometr_09.pgm 
2022-05-18 21:36:47,526 MainProcess MainThread - INFO - Running processing for geometr_099.pgm 
2022-05-18 21:36:47,655 MainProcess MainThread - INFO - Running processing for laplace_30.pgm 
2022-05-18 21:36:47,800 MainProcess MainThread - INFO - Running processing for laplace_20.pgm 
2022-05-18 21:36:47,929 MainProcess MainThread - INFO - Running processing for uniform.pgm 
2022-05-18 21:36:48,060 MainProcess MainThread - INFO - Running processing for laplace_10.pgm 
2022-05-18 21:36:48,195 MainProcess MainThread - INFO - Running processing for normal_50.pgm 
2022-05-18 21:36:48,332 MainProcess MainThread - INFO - Running processing for geometr_05.pgm 
2022-05-18 21:36:48,647 MainProcess MainThread - INFO - Running processing for normal_30.pgm 
2022-05-18 21:36:48,780 MainProcess MainThread - INFO - k = 15 
2022-05-18 21:36:48,780 MainProcess MainThread - INFO - Running processing for normal_10.pgm 
2022-05-18 21:36:49,092 MainProcess MainThread - INFO - Running processing for geometr_09.pgm 
2022-05-18 21:36:49,390 MainProcess MainThread - INFO - Running processing for geometr_099.pgm 
2022-05-18 21:36:49,575 MainProcess MainThread - INFO - Running processing for laplace_30.pgm 
2022-05-18 21:36:49,760 MainProcess MainThread - INFO - Running processing for laplace_20.pgm 
2022-05-18 21:36:49,966 MainProcess MainThread - INFO - Running processing for uniform.pgm 
2022-05-18 21:36:50,159 MainProcess MainThread - INFO - Running processing for laplace_10.pgm 
2022-05-18 21:36:50,372 MainProcess MainThread - INFO - Running processing for normal_50.pgm 
2022-05-18 21:36:50,563 MainProcess MainThread - INFO - Running processing for geometr_05.pgm 
2022-05-18 21:36:51,517 MainProcess MainThread - INFO - Running processing for normal_30.pgm 
2022-05-18 21:36:51,718 MainProcess MainThread - INFO - k = 16 
2022-05-18 21:36:51,719 MainProcess MainThread - INFO - Running processing for normal_10.pgm 
2022-05-18 21:36:52,672 MainProcess MainThread - INFO - Running processing for geometr_09.pgm 
2022-05-18 21:36:53,535 MainProcess MainThread - INFO - Running processing for geometr_099.pgm 
2022-05-18 21:36:53,973 MainProcess MainThread - INFO - Running processing for laplace_30.pgm 
2022-05-18 21:36:54,397 MainProcess MainThread - INFO - Running processing for laplace_20.pgm 
2022-05-18 21:36:54,824 MainProcess MainThread - INFO - Running processing for uniform.pgm 
2022-05-18 21:36:55,276 MainProcess MainThread - INFO - Running processing for laplace_10.pgm 
2022-05-18 21:36:55,770 MainProcess MainThread - INFO - Running processing for normal_50.pgm 
2022-05-18 21:36:56,189 MainProcess MainThread - INFO - Running processing for geometr_05.pgm 
2022-05-18 21:37:00,042 MainProcess MainThread - INFO - Running processing for normal_30.pgm 
2022-05-18 21:38:41,376 MainProcess MainThread - INFO - Starting processing 
2022-05-18 21:38:41,376 MainProcess MainThread - INFO - Processing config loaded 
2022-05-18 21:38:41,376 MainProcess MainThread - INFO - Running processing for each image for all k = [8, 9, 10, 11, 12, 13, 14, 15, 16, 17, 18] parameters 
2022-05-18 21:38:41,377 MainProcess MainThread - INFO - k = 8 
2022-05-18 21:38:41,377 MainProcess MainThread - INFO - Running processing for normal_10.pgm 
2022-05-18 21:39:29,021 MainProcess MainThread - INFO - Starting processing 
2022-05-18 21:39:29,021 MainProcess MainThread - INFO - Processing config loaded 
2022-05-18 21:39:29,021 MainProcess MainThread - INFO - Running processing for each image for all k = [8, 9, 10, 11, 12, 13, 14, 15, 16, 17, 18] parameters 
2022-05-18 21:39:29,021 MainProcess MainThread - INFO - k = 8 
2022-05-18 21:39:29,021 MainProcess MainThread - INFO - Running processing for normal_10.pgm 
2022-05-18 21:39:29,598 MainProcess MainThread - INFO - Running processing for geometr_09.pgm 
2022-05-18 21:39:29,733 MainProcess MainThread - INFO - Running processing for geometr_099.pgm 
2022-05-18 21:39:29,867 MainProcess MainThread - INFO - Running processing for laplace_30.pgm 
2022-05-18 21:39:29,996 MainProcess MainThread - INFO - Running processing for laplace_20.pgm 
2022-05-18 21:39:30,125 MainProcess MainThread - INFO - Running processing for uniform.pgm 
2022-05-18 21:39:30,260 MainProcess MainThread - INFO - Running processing for laplace_10.pgm 
2022-05-18 21:39:30,393 MainProcess MainThread - INFO - Running processing for normal_50.pgm 
2022-05-18 21:39:30,530 MainProcess MainThread - INFO - Running processing for geometr_05.pgm 
2022-05-18 21:39:30,679 MainProcess MainThread - INFO - Running processing for normal_30.pgm 
2022-05-18 21:47:58,677 MainProcess MainThread - INFO - Starting processing 
2022-05-18 21:47:58,679 MainProcess MainThread - INFO - Processing config loaded 
2022-05-18 21:47:58,679 MainProcess MainThread - INFO - Running processing for each image for all k = [8, 9, 10, 11, 12, 13, 14, 15, 16, 17, 18] parameters 
2022-05-18 21:47:58,679 MainProcess MainThread - INFO - k = 8 
2022-05-18 21:47:58,679 MainProcess MainThread - INFO - Running processing for normal_10.pgm 
2022-05-18 21:57:29,667 MainProcess MainThread - INFO - Starting processing 
2022-05-18 21:57:29,668 MainProcess MainThread - INFO - Processing config loaded 
2022-05-18 21:57:29,668 MainProcess MainThread - INFO - Running processing for each image for all k = [8, 9, 10, 11, 12, 13, 14, 15, 16, 17, 18] parameters 
2022-05-18 21:57:29,668 MainProcess MainThread - INFO - k = 8 
2022-05-18 21:57:29,668 MainProcess MainThread - INFO - Running processing for normal_10.pgm 
2022-05-18 21:58:06,698 MainProcess MainThread - INFO - Starting processing 
2022-05-18 21:58:06,699 MainProcess MainThread - INFO - Processing config loaded 
2022-05-18 21:58:06,699 MainProcess MainThread - INFO - Running processing for each image for all k = [8, 9, 10, 11, 12, 13, 14, 15, 16, 17, 18] parameters 
2022-05-18 21:58:06,699 MainProcess MainThread - INFO - k = 8 
2022-05-18 21:58:06,699 MainProcess MainThread - INFO - Running processing for normal_10.pgm 
2022-05-18 21:58:07,408 MainProcess MainThread - INFO - Running processing for geometr_09.pgm 
2022-05-18 21:58:07,688 MainProcess MainThread - INFO - Running processing for geometr_099.pgm 
2022-05-18 21:58:08,219 MainProcess MainThread - INFO - Running processing for laplace_30.pgm 
2022-05-18 21:58:08,729 MainProcess MainThread - INFO - Running processing for laplace_20.pgm 
2022-05-18 21:58:09,259 MainProcess MainThread - INFO - Running processing for uniform.pgm 
2022-05-18 21:58:09,779 MainProcess MainThread - INFO - Running processing for laplace_10.pgm 
2022-05-18 21:58:10,209 MainProcess MainThread - INFO - Running processing for normal_50.pgm 
2022-05-18 21:58:10,744 MainProcess MainThread - INFO - Running processing for geometr_05.pgm 
2022-05-18 21:58:10,882 MainProcess MainThread - INFO - Running processing for normal_30.pgm 
2022-05-18 22:06:20,165 MainProcess MainThread - INFO - Starting processing 
2022-05-18 22:06:20,166 MainProcess MainThread - INFO - Processing config loaded 
2022-05-18 22:06:20,166 MainProcess MainThread - INFO - Running processing for each image for all k = [8, 9, 10, 11, 12, 13, 14, 15, 16, 17, 18] parameters 
2022-05-18 22:06:20,166 MainProcess MainThread - INFO - k = 8 
2022-05-18 22:06:20,166 MainProcess MainThread - INFO - Running processing for normal_10.pgm 
2022-05-18 22:06:20,986 MainProcess MainThread - INFO - Running processing for geometr_09.pgm 
2022-05-18 22:06:21,197 MainProcess MainThread - INFO - Running processing for geometr_099.pgm 
2022-05-18 22:06:21,428 MainProcess MainThread - INFO - Running processing for laplace_30.pgm 
2022-05-18 22:06:21,639 MainProcess MainThread - INFO - Running processing for laplace_20.pgm 
2022-05-18 22:06:21,852 MainProcess MainThread - INFO - Running processing for uniform.pgm 
2022-05-18 22:06:22,064 MainProcess MainThread - INFO - Running processing for laplace_10.pgm 
2022-05-18 22:06:22,298 MainProcess MainThread - INFO - Running processing for normal_50.pgm 
2022-05-18 22:06:22,508 MainProcess MainThread - INFO - Running processing for geometr_05.pgm 
2022-05-18 22:06:22,719 MainProcess MainThread - INFO - Running processing for normal_30.pgm 
2022-05-18 22:06:58,711 MainProcess MainThread - INFO - Starting processing 
2022-05-18 22:06:58,711 MainProcess MainThread - INFO - Processing config loaded 
2022-05-18 22:06:58,711 MainProcess MainThread - INFO - Running processing for each image for all k = [8, 9, 10, 11, 12, 13, 14, 15, 16, 17, 18] parameters 
2022-05-18 22:06:58,711 MainProcess MainThread - INFO - k = 8 
2022-05-18 22:06:58,711 MainProcess MainThread - INFO - Running processing for normal_10.pgm 
2022-05-18 22:06:59,455 MainProcess MainThread - INFO - Running processing for geometr_09.pgm 
2022-05-18 22:06:59,664 MainProcess MainThread - INFO - Running processing for geometr_099.pgm 
2022-05-18 22:06:59,892 MainProcess MainThread - INFO - Running processing for laplace_30.pgm 
2022-05-18 22:07:00,100 MainProcess MainThread - INFO - Running processing for laplace_20.pgm 
2022-05-18 22:07:00,315 MainProcess MainThread - INFO - Running processing for uniform.pgm 
2022-05-18 22:07:00,534 MainProcess MainThread - INFO - Running processing for laplace_10.pgm 
2022-05-18 22:07:00,770 MainProcess MainThread - INFO - Running processing for normal_50.pgm 
2022-05-18 22:07:00,984 MainProcess MainThread - INFO - Running processing for geometr_05.pgm 
2022-05-18 22:07:01,197 MainProcess MainThread - INFO - Running processing for normal_30.pgm 
2022-05-18 22:08:34,821 MainProcess MainThread - INFO - Starting processing 
2022-05-18 22:08:34,822 MainProcess MainThread - INFO - Processing config loaded 
2022-05-18 22:08:34,822 MainProcess MainThread - INFO - Running processing for each image for all k = [8, 9, 10, 11, 12, 13, 14, 15, 16, 17, 18] parameters 
2022-05-18 22:08:34,823 MainProcess MainThread - INFO - k = 8 
2022-05-18 22:10:21,189 MainProcess MainThread - INFO - Starting processing 
2022-05-18 22:10:21,189 MainProcess MainThread - INFO - Processing config loaded 
2022-05-18 22:10:21,189 MainProcess MainThread - INFO - Running processing for each image for all k = [8, 9, 10, 11, 12, 13, 14, 15, 16, 17, 18] parameters 
2022-05-18 22:10:21,189 MainProcess MainThread - INFO - k = 8 
2022-05-18 22:10:21,189 MainProcess MainThread - INFO - Running processing for data/rozklady/normal_10.pgm 
2022-05-18 22:10:42,403 MainProcess MainThread - INFO - Starting processing 
2022-05-18 22:10:42,404 MainProcess MainThread - INFO - Processing config loaded 
2022-05-18 22:10:42,405 MainProcess MainThread - INFO - Running processing for each image for all k = [8, 9, 10, 11, 12, 13, 14, 15, 16, 17, 18] parameters 
2022-05-18 22:10:42,405 MainProcess MainThread - INFO - k = 8 
2022-05-18 22:10:46,453 MainProcess MainThread - INFO - Running processing for data/rozklady/normal_10.pgm 
2022-05-18 22:11:19,073 MainProcess MainThread - INFO - Starting processing 
2022-05-18 22:11:19,073 MainProcess MainThread - INFO - Processing config loaded 
2022-05-18 22:11:19,073 MainProcess MainThread - INFO - Running processing for each image for all k = [8, 9, 10, 11, 12, 13, 14, 15, 16, 17, 18] parameters 
2022-05-18 22:11:19,074 MainProcess MainThread - INFO - k = 8 
2022-05-18 22:11:19,074 MainProcess MainThread - INFO - Running processing for data/rozklady/normal_10.pgm 
2022-05-18 22:11:36,712 MainProcess MainThread - INFO - Starting processing 
2022-05-18 22:11:36,712 MainProcess MainThread - INFO - Processing config loaded 
2022-05-18 22:11:36,713 MainProcess MainThread - INFO - Running processing for each image for all k = [8, 9, 10, 11, 12, 13, 14, 15, 16, 17, 18] parameters 
2022-05-18 22:11:36,713 MainProcess MainThread - INFO - k = 8 
2022-05-18 22:11:36,713 MainProcess MainThread - INFO - Running processing for data/rozklady/normal_10.pgm 
2022-05-18 22:11:37,466 MainProcess MainThread - INFO - Running processing for data/rozklady/geometr_09.pgm 
2022-05-18 22:11:37,679 MainProcess MainThread - INFO - Running processing for data/rozklady/geometr_099.pgm 
2022-05-18 22:11:37,907 MainProcess MainThread - INFO - Running processing for data/rozklady/laplace_30.pgm 
2022-05-18 22:11:38,115 MainProcess MainThread - INFO - Running processing for data/rozklady/laplace_20.pgm 
2022-05-18 22:11:38,333 MainProcess MainThread - INFO - Running processing for data/rozklady/uniform.pgm 
2022-05-18 22:11:38,550 MainProcess MainThread - INFO - Running processing for data/rozklady/laplace_10.pgm 
2022-05-18 22:11:38,783 MainProcess MainThread - INFO - Running processing for data/rozklady/normal_50.pgm 
2022-05-18 22:11:38,998 MainProcess MainThread - INFO - Running processing for data/rozklady/geometr_05.pgm 
2022-05-18 22:11:39,213 MainProcess MainThread - INFO - Running processing for data/rozklady/normal_30.pgm 
2022-05-18 22:11:57,059 MainProcess MainThread - INFO - Starting processing 
2022-05-18 22:11:57,059 MainProcess MainThread - INFO - Processing config loaded 
2022-05-18 22:11:57,059 MainProcess MainThread - INFO - Running processing for each image for all k = [8, 9, 10, 11, 12, 13, 14, 15, 16, 17, 18] parameters 
2022-05-18 22:11:57,060 MainProcess MainThread - INFO - k = 8 
2022-05-18 22:11:57,060 MainProcess MainThread - INFO - Running processing for data/obrazy/peppers.pgm 
2022-05-18 22:11:57,831 MainProcess MainThread - INFO - Running processing for data/obrazy/lena.pgm 
2022-05-18 22:11:58,053 MainProcess MainThread - INFO - Running processing for data/obrazy/boat.pgm 
2022-05-18 22:11:58,308 MainProcess MainThread - INFO - Running processing for data/obrazy/barbara.pgm 
2022-05-18 22:11:58,525 MainProcess MainThread - INFO - Running processing for data/obrazy/chronometer.pgm 
2022-05-18 22:11:58,732 MainProcess MainThread - INFO - Running processing for data/obrazy/mandril.pgm 
2022-05-18 22:13:53,616 MainProcess MainThread - INFO - Starting processing 
2022-05-18 22:13:53,617 MainProcess MainThread - INFO - Processing config loaded 
2022-05-18 22:13:53,617 MainProcess MainThread - INFO - Running processing for each image for all k = [8, 9, 10, 11, 12, 13, 14, 15, 16, 17, 18] parameters 
2022-05-18 22:13:53,617 MainProcess MainThread - INFO - k = 8 
2022-05-18 22:13:53,617 MainProcess MainThread - INFO - Running processing for data/obrazy/peppers.pgm 
2022-05-18 22:14:11,407 MainProcess MainThread - INFO - Starting processing 
2022-05-18 22:14:11,408 MainProcess MainThread - INFO - Processing config loaded 
2022-05-18 22:14:11,408 MainProcess MainThread - INFO - Running processing for each image for all k = [8, 9, 10, 11, 12, 13, 14, 15, 16, 17, 18] parameters 
2022-05-18 22:14:11,408 MainProcess MainThread - INFO - k = 8 
2022-05-18 22:14:11,408 MainProcess MainThread - INFO - Running processing for data/obrazy/peppers.pgm 
2022-05-18 22:14:12,176 MainProcess MainThread - INFO - Running processing for data/obrazy/lena.pgm 
2022-05-18 22:14:12,396 MainProcess MainThread - INFO - Running processing for data/obrazy/boat.pgm 
2022-05-18 22:14:12,624 MainProcess MainThread - INFO - Running processing for data/obrazy/barbara.pgm 
2022-05-18 22:14:12,831 MainProcess MainThread - INFO - Running processing for data/obrazy/chronometer.pgm 
2022-05-18 22:14:13,040 MainProcess MainThread - INFO - Running processing for data/obrazy/mandril.pgm 
2022-05-18 22:14:54,896 MainProcess MainThread - INFO - Starting processing 
2022-05-18 22:14:54,897 MainProcess MainThread - INFO - Processing config loaded 
2022-05-18 22:14:54,897 MainProcess MainThread - INFO - Running processing for each image for all k = [8, 9, 10, 11, 12, 13, 14, 15, 16, 17, 18] parameters 
2022-05-18 22:14:54,898 MainProcess MainThread - INFO - k = 8 
2022-05-18 22:14:54,898 MainProcess MainThread - INFO - Running processing for data/obrazy/peppers.pgm 
2022-05-18 22:17:32,205 MainProcess MainThread - INFO - Starting processing 
2022-05-18 22:17:32,206 MainProcess MainThread - INFO - Processing config loaded 
2022-05-18 22:17:32,206 MainProcess MainThread - INFO - Running processing for each image for all k = [8, 9, 10, 11, 12, 13, 14, 15, 16, 17, 18] parameters 
2022-05-18 22:17:32,206 MainProcess MainThread - INFO - k = 8 
2022-05-18 22:17:32,207 MainProcess MainThread - INFO - Running processing for data/obrazy/peppers.pgm 
2022-05-18 22:17:33,013 MainProcess MainThread - INFO - Running processing for data/obrazy/lena.pgm 
2022-05-18 22:17:33,242 MainProcess MainThread - INFO - Running processing for data/obrazy/boat.pgm 
2022-05-18 22:17:33,489 MainProcess MainThread - INFO - Running processing for data/obrazy/barbara.pgm 
2022-05-18 22:17:33,719 MainProcess MainThread - INFO - Running processing for data/obrazy/chronometer.pgm 
2022-05-18 22:17:33,938 MainProcess MainThread - INFO - Running processing for data/obrazy/mandril.pgm 
2022-05-18 22:18:30,401 MainProcess MainThread - INFO - Starting processing 
2022-05-18 22:18:30,402 MainProcess MainThread - INFO - Processing config loaded 
2022-05-18 22:18:30,403 MainProcess MainThread - INFO - Running processing for each image for all k = [8, 9, 10, 11, 12, 13, 14, 15, 16, 17, 18] parameters 
2022-05-18 22:18:30,403 MainProcess MainThread - INFO - k = 8 
2022-05-18 22:18:30,403 MainProcess MainThread - INFO - Running processing for data/obrazy/boat.jpg 
2022-05-18 22:18:31,158 MainProcess MainThread - INFO - Running processing for data/obrazy/lena.jpg 
2022-05-18 22:18:31,334 MainProcess MainThread - INFO - Running processing for data/obrazy/peppers.pgm 
2022-05-18 22:18:31,571 MainProcess MainThread - INFO - Running processing for data/obrazy/chronometer.jpg 
2022-05-18 22:18:31,745 MainProcess MainThread - INFO - Running processing for data/obrazy/barbara.jpg 
2022-05-18 22:18:31,919 MainProcess MainThread - INFO - Running processing for data/obrazy/mandril.jpg 
2022-05-18 22:18:32,107 MainProcess MainThread - INFO - Running processing for data/obrazy/lena.pgm 
2022-05-18 22:18:32,323 MainProcess MainThread - INFO - Running processing for data/obrazy/boat.pgm 
2022-05-18 22:18:32,544 MainProcess MainThread - INFO - Running processing for data/obrazy/barbara.pgm 
2022-05-18 22:18:32,781 MainProcess MainThread - INFO - Running processing for data/obrazy/chronometer.pgm 
2022-05-18 22:18:33,007 MainProcess MainThread - INFO - Running processing for data/obrazy/peppers.jpg 
2022-05-18 22:18:33,181 MainProcess MainThread - INFO - Running processing for data/obrazy/mandril.pgm 
2022-05-18 22:19:48,123 MainProcess MainThread - INFO - Starting processing 
2022-05-18 22:19:48,124 MainProcess MainThread - INFO - Processing config loaded 
2022-05-18 22:19:48,124 MainProcess MainThread - INFO - Running processing for each image for all k = [8, 9, 10, 11, 12, 13, 14, 15, 16, 17, 18] parameters 
2022-05-18 22:19:48,124 MainProcess MainThread - INFO - k = 8 
2022-05-18 22:19:48,124 MainProcess MainThread - INFO - Running processing for data/obrazy/peppers.pgm 
2022-05-18 22:19:48,887 MainProcess MainThread - INFO - Running processing for data/obrazy/lena.pgm 
2022-05-18 22:19:49,094 MainProcess MainThread - INFO - Running processing for data/obrazy/boat.pgm 
2022-05-18 22:19:49,311 MainProcess MainThread - INFO - Running processing for data/obrazy/barbara.pgm 
2022-05-18 22:19:49,510 MainProcess MainThread - INFO - Running processing for data/obrazy/chronometer.pgm 
2022-05-18 22:19:49,707 MainProcess MainThread - INFO - Running processing for data/obrazy/mandril.pgm 
2022-05-18 22:21:01,283 MainProcess MainThread - INFO - Starting processing 
2022-05-18 22:21:01,283 MainProcess MainThread - INFO - Processing config loaded 
2022-05-18 22:21:01,283 MainProcess MainThread - INFO - Running processing for each image for all k = [8, 9, 10, 11, 12, 13, 14, 15, 16, 17, 18] parameters 
2022-05-18 22:21:01,283 MainProcess MainThread - INFO - k = 8 
2022-05-18 22:21:01,283 MainProcess MainThread - INFO - Running processing for data/rozklady/normal_10.pgm 
2022-05-18 22:21:02,063 MainProcess MainThread - INFO - Running processing for data/rozklady/geometr_09.pgm 
2022-05-18 22:21:02,275 MainProcess MainThread - INFO - Running processing for data/rozklady/geometr_099.pgm 
2022-05-18 22:21:02,493 MainProcess MainThread - INFO - Running processing for data/rozklady/laplace_30.pgm 
2022-05-18 22:21:02,697 MainProcess MainThread - INFO - Running processing for data/rozklady/laplace_20.pgm 
2022-05-18 22:21:02,904 MainProcess MainThread - INFO - Running processing for data/rozklady/uniform.pgm 
2022-05-18 22:21:03,110 MainProcess MainThread - INFO - Running processing for data/rozklady/laplace_10.pgm 
2022-05-18 22:21:03,342 MainProcess MainThread - INFO - Running processing for data/rozklady/normal_50.pgm 
2022-05-18 22:21:03,543 MainProcess MainThread - INFO - Running processing for data/rozklady/geometr_05.pgm 
2022-05-18 22:21:03,741 MainProcess MainThread - INFO - Running processing for data/rozklady/normal_30.pgm 
2022-05-18 22:23:21,456 MainProcess MainThread - INFO - Starting processing 
2022-05-18 22:23:21,456 MainProcess MainThread - INFO - Processing config loaded 
2022-05-18 22:23:21,456 MainProcess MainThread - INFO - Running processing for each image for all k = [8, 9, 10, 11, 12, 13, 14, 15, 16, 17, 18] parameters 
2022-05-18 22:23:21,457 MainProcess MainThread - INFO - k = 8 
2022-05-18 22:23:21,457 MainProcess MainThread - INFO - Running processing for data/rozklady/normal_10.pgm 
2022-05-18 22:23:22,221 MainProcess MainThread - INFO - Running processing for data/rozklady/geometr_09.pgm 
2022-05-18 22:23:22,422 MainProcess MainThread - INFO - Running processing for data/rozklady/geometr_099.pgm 
2022-05-18 22:23:22,640 MainProcess MainThread - INFO - Running processing for data/rozklady/laplace_30.pgm 
2022-05-18 22:23:22,839 MainProcess MainThread - INFO - Running processing for data/rozklady/laplace_20.pgm 
2022-05-18 22:23:23,040 MainProcess MainThread - INFO - Running processing for data/rozklady/uniform.pgm 
2022-05-18 22:23:23,246 MainProcess MainThread - INFO - Running processing for data/rozklady/laplace_10.pgm 
2022-05-18 22:23:23,466 MainProcess MainThread - INFO - Running processing for data/rozklady/normal_50.pgm 
2022-05-18 22:23:23,663 MainProcess MainThread - INFO - Running processing for data/rozklady/geometr_05.pgm 
2022-05-18 22:23:23,860 MainProcess MainThread - INFO - Running processing for data/rozklady/normal_30.pgm 
2022-05-18 22:23:24,082 MainProcess MainThread - INFO - k = 9 
2022-05-18 22:23:24,083 MainProcess MainThread - INFO - Running processing for data/rozklady/uniform_histogram.jpg 
2022-05-18 22:23:24,243 MainProcess MainThread - INFO - Running processing for data/rozklady/normal_10.pgm 
2022-05-18 22:23:24,441 MainProcess MainThread - INFO - Running processing for data/rozklady/geometr_09.pgm 
2022-05-18 22:23:24,638 MainProcess MainThread - INFO - Running processing for data/rozklady/geometr_099_histogram.jpg 
2022-05-18 22:23:24,819 MainProcess MainThread - INFO - Running processing for data/rozklady/geometr_099.pgm 
2022-05-18 22:23:25,020 MainProcess MainThread - INFO - Running processing for data/rozklady/laplace_30.pgm 
2022-05-18 22:23:25,214 MainProcess MainThread - INFO - Running processing for data/rozklady/geometr_09_histogram.jpg 
2022-05-18 22:23:25,370 MainProcess MainThread - INFO - Running processing for data/rozklady/laplace_20.pgm 
2022-05-18 22:23:25,594 MainProcess MainThread - INFO - Running processing for data/rozklady/uniform.pgm 
2022-05-18 22:23:25,796 MainProcess MainThread - INFO - Running processing for data/rozklady/normal_30_histogram.jpg 
2022-05-18 22:23:25,950 MainProcess MainThread - INFO - Running processing for data/rozklady/laplace_20_histogram.jpg 
2022-05-18 22:23:26,126 MainProcess MainThread - INFO - Running processing for data/rozklady/laplace_10.pgm 
2022-05-18 22:23:26,327 MainProcess MainThread - INFO - Running processing for data/rozklady/normal_50.pgm 
2022-05-18 22:23:26,524 MainProcess MainThread - INFO - Running processing for data/rozklady/laplace_30_histogram.jpg 
2022-05-18 22:23:26,680 MainProcess MainThread - INFO - Running processing for data/rozklady/normal_50_histogram.jpg 
2022-05-18 22:23:26,860 MainProcess MainThread - INFO - Running processing for data/rozklady/geometr_05.pgm 
2022-05-18 22:23:27,061 MainProcess MainThread - INFO - Running processing for data/rozklady/geometr_05_histogram.jpg 
2022-05-18 22:23:27,215 MainProcess MainThread - INFO - Running processing for data/rozklady/laplace_10_histogram.jpg 
2022-05-18 22:23:27,379 MainProcess MainThread - INFO - Running processing for data/rozklady/normal_30.pgm 
2022-05-18 22:23:27,608 MainProcess MainThread - INFO - Running processing for data/rozklady/normal_10_histogram.jpg 
2022-05-18 22:23:27,764 MainProcess MainThread - INFO - k = 10 
2022-05-18 22:23:27,764 MainProcess MainThread - INFO - Running processing for data/rozklady/laplace_20_histogram_histogram.jpg 
2022-05-18 22:23:27,925 MainProcess MainThread - INFO - Running processing for data/rozklady/uniform_histogram.jpg 
2022-05-18 22:23:28,125 MainProcess MainThread - INFO - Running processing for data/rozklady/normal_10.pgm 
2022-05-18 22:23:28,347 MainProcess MainThread - INFO - Running processing for data/rozklady/geometr_09.pgm 
2022-05-18 22:23:28,558 MainProcess MainThread - INFO - Running processing for data/rozklady/geometr_099_histogram.jpg 
2022-05-18 22:23:28,717 MainProcess MainThread - INFO - Running processing for data/rozklady/geometr_099.pgm 
2022-05-18 22:23:28,948 MainProcess MainThread - INFO - Running processing for data/rozklady/laplace_30.pgm 
2022-05-18 22:23:29,144 MainProcess MainThread - INFO - Running processing for data/rozklady/geometr_09_histogram.jpg 
2022-05-18 22:23:29,307 MainProcess MainThread - INFO - Running processing for data/rozklady/normal_10_histogram_histogram.jpg 
2022-05-18 22:23:29,463 MainProcess MainThread - INFO - Running processing for data/rozklady/laplace_30_histogram_histogram.jpg 
2022-05-18 22:23:29,648 MainProcess MainThread - INFO - Running processing for data/rozklady/laplace_20.pgm 
2022-05-18 22:23:29,858 MainProcess MainThread - INFO - Running processing for data/rozklady/normal_50_histogram_histogram.jpg 
2022-05-18 22:23:30,017 MainProcess MainThread - INFO - Running processing for data/rozklady/uniform.pgm 
2022-05-18 22:23:30,242 MainProcess MainThread - INFO - Running processing for data/rozklady/normal_30_histogram.jpg 
2022-05-18 22:23:30,399 MainProcess MainThread - INFO - Running processing for data/rozklady/geometr_09_histogram_histogram.jpg 
2022-05-18 22:23:30,552 MainProcess MainThread - INFO - Running processing for data/rozklady/laplace_20_histogram.jpg 
2022-05-18 22:23:30,704 MainProcess MainThread - INFO - Running processing for data/rozklady/laplace_10.pgm 
2022-05-18 22:23:30,930 MainProcess MainThread - INFO - Running processing for data/rozklady/normal_50.pgm 
2022-05-18 22:23:31,130 MainProcess MainThread - INFO - Running processing for data/rozklady/laplace_30_histogram.jpg 
2022-05-18 22:23:31,286 MainProcess MainThread - INFO - Running processing for data/rozklady/normal_50_histogram.jpg 
2022-05-18 22:23:31,444 MainProcess MainThread - INFO - Running processing for data/rozklady/geometr_05.pgm 
2022-05-18 22:23:31,674 MainProcess MainThread - INFO - Running processing for data/rozklady/laplace_10_histogram_histogram.jpg 
2022-05-18 22:23:31,827 MainProcess MainThread - INFO - Running processing for data/rozklady/normal_30_histogram_histogram.jpg 
2022-05-18 22:23:31,987 MainProcess MainThread - INFO - Running processing for data/rozklady/uniform_histogram_histogram.jpg 
2022-05-18 22:23:32,162 MainProcess MainThread - INFO - Running processing for data/rozklady/geometr_099_histogram_histogram.jpg 
2022-05-18 22:23:32,320 MainProcess MainThread - INFO - Running processing for data/rozklady/geometr_05_histogram.jpg 
2022-05-18 22:23:32,478 MainProcess MainThread - INFO - Running processing for data/rozklady/laplace_10_histogram.jpg 
2022-05-18 22:23:32,631 MainProcess MainThread - INFO - Running processing for data/rozklady/geometr_05_histogram_histogram.jpg 
2022-05-18 22:23:32,809 MainProcess MainThread - INFO - Running processing for data/rozklady/normal_30.pgm 
2022-05-18 22:23:33,012 MainProcess MainThread - INFO - Running processing for data/rozklady/normal_10_histogram.jpg 
2022-05-18 22:23:33,164 MainProcess MainThread - INFO - k = 11 
2022-05-18 22:23:33,165 MainProcess MainThread - INFO - Running processing for data/rozklady/laplace_20_histogram_histogram.jpg 
2022-05-18 22:23:33,318 MainProcess MainThread - INFO - Running processing for data/rozklady/laplace_30_histogram_histogram_histogram.jpg 
2022-05-18 22:23:33,492 MainProcess MainThread - INFO - Running processing for data/rozklady/geometr_099_histogram_histogram_histogram.jpg 
2022-05-18 22:23:33,646 MainProcess MainThread - INFO - Running processing for data/rozklady/uniform_histogram_histogram_histogram.jpg 
2022-05-18 22:23:33,800 MainProcess MainThread - INFO - Running processing for data/rozklady/geometr_09_histogram_histogram_histogram.jpg 
2022-05-18 22:23:33,974 MainProcess MainThread - INFO - Running processing for data/rozklady/uniform_histogram.jpg 
2022-05-18 22:23:34,132 MainProcess MainThread - INFO - Running processing for data/rozklady/normal_10.pgm 
2022-05-18 22:23:34,335 MainProcess MainThread - INFO - Running processing for data/rozklady/geometr_09.pgm 
2022-05-18 22:23:34,535 MainProcess MainThread - INFO - Running processing for data/rozklady/laplace_20_histogram_histogram_histogram.jpg 
2022-05-18 22:23:34,717 MainProcess MainThread - INFO - Running processing for data/rozklady/geometr_099_histogram.jpg 
2022-05-18 22:23:34,870 MainProcess MainThread - INFO - Running processing for data/rozklady/geometr_099.pgm 
2022-05-18 22:23:35,074 MainProcess MainThread - INFO - Running processing for data/rozklady/laplace_30.pgm 
2022-05-18 22:23:35,278 MainProcess MainThread - INFO - Running processing for data/rozklady/normal_10_histogram_histogram_histogram.jpg 
2022-05-18 22:23:35,470 MainProcess MainThread - INFO - Running processing for data/rozklady/geometr_09_histogram.jpg 
2022-05-18 22:23:35,630 MainProcess MainThread - INFO - Running processing for data/rozklady/normal_10_histogram_histogram.jpg 
2022-05-18 22:23:35,796 MainProcess MainThread - INFO - Running processing for data/rozklady/laplace_30_histogram_histogram.jpg 
2022-05-18 22:23:35,985 MainProcess MainThread - INFO - Running processing for data/rozklady/laplace_20.pgm 
2022-05-18 22:23:36,192 MainProcess MainThread - INFO - Running processing for data/rozklady/normal_50_histogram_histogram.jpg 
2022-05-18 22:23:36,358 MainProcess MainThread - INFO - Running processing for data/rozklady/geometr_05_histogram_histogram_histogram.jpg 
2022-05-18 22:23:36,523 MainProcess MainThread - INFO - Running processing for data/rozklady/uniform.pgm 
2022-05-18 22:23:36,761 MainProcess MainThread - INFO - Running processing for data/rozklady/normal_30_histogram.jpg 
2022-05-18 22:23:36,921 MainProcess MainThread - INFO - Running processing for data/rozklady/laplace_10_histogram_histogram_histogram.jpg 
2022-05-18 22:23:37,079 MainProcess MainThread - INFO - Running processing for data/rozklady/geometr_09_histogram_histogram.jpg 
2022-05-18 22:26:12,589 MainProcess MainThread - INFO - Starting processing 
2022-05-18 22:26:12,590 MainProcess MainThread - INFO - Processing config loaded 
2022-05-18 22:26:12,590 MainProcess MainThread - INFO - Running processing for each image for all k = [8, 9, 10, 11, 12, 13, 14, 15, 16, 17, 18] parameters 
2022-05-18 22:26:12,590 MainProcess MainThread - INFO - k = 8 
2022-05-18 22:26:12,590 MainProcess MainThread - INFO - Running processing for data/rozklady/normal_10.pgm 
2022-05-18 22:26:13,359 MainProcess MainThread - INFO - Running processing for data/rozklady/geometr_09.pgm 
2022-05-18 22:26:13,562 MainProcess MainThread - INFO - Running processing for data/rozklady/geometr_099.pgm 
2022-05-18 22:26:13,782 MainProcess MainThread - INFO - Running processing for data/rozklady/laplace_30.pgm 
2022-05-18 22:26:13,983 MainProcess MainThread - INFO - Running processing for data/rozklady/laplace_20.pgm 
2022-05-18 22:26:14,184 MainProcess MainThread - INFO - Running processing for data/rozklady/uniform.pgm 
2022-05-18 22:26:14,388 MainProcess MainThread - INFO - Running processing for data/rozklady/laplace_10.pgm 
2022-05-18 22:26:14,613 MainProcess MainThread - INFO - Running processing for data/rozklady/normal_50.pgm 
2022-05-18 22:26:14,812 MainProcess MainThread - INFO - Running processing for data/rozklady/geometr_05.pgm 
2022-05-18 22:26:15,014 MainProcess MainThread - INFO - Running processing for data/rozklady/normal_30.pgm 
2022-05-18 22:26:15,238 MainProcess MainThread - INFO - k = 9 
2022-05-18 22:26:15,238 MainProcess MainThread - INFO - Running processing for data/rozklady/uniform_histogram.jpg 
2022-05-18 22:26:15,405 MainProcess MainThread - INFO - Running processing for data/rozklady/normal_10.pgm 
2022-05-18 22:26:15,606 MainProcess MainThread - INFO - Running processing for data/rozklady/geometr_09.pgm 
2022-05-18 22:26:15,808 MainProcess MainThread - INFO - Running processing for data/rozklady/geometr_099_histogram.jpg 
2022-05-18 22:26:15,992 MainProcess MainThread - INFO - Running processing for data/rozklady/geometr_099.pgm 
2022-05-18 22:26:16,196 MainProcess MainThread - INFO - Running processing for data/rozklady/laplace_30.pgm 
2022-05-18 22:26:16,396 MainProcess MainThread - INFO - Running processing for data/rozklady/geometr_09_histogram.jpg 
2022-05-18 22:26:16,549 MainProcess MainThread - INFO - Running processing for data/rozklady/laplace_20.pgm 
2022-05-18 22:26:16,777 MainProcess MainThread - INFO - Running processing for data/rozklady/uniform.pgm 
2022-05-18 22:26:16,980 MainProcess MainThread - INFO - Running processing for data/rozklady/normal_30_histogram.jpg 
2022-05-18 22:26:17,137 MainProcess MainThread - INFO - Running processing for data/rozklady/laplace_20_histogram.jpg 
2022-05-18 22:26:17,311 MainProcess MainThread - INFO - Running processing for data/rozklady/laplace_10.pgm 
2022-05-18 22:26:17,512 MainProcess MainThread - INFO - Running processing for data/rozklady/normal_50.pgm 
2022-05-18 22:26:17,709 MainProcess MainThread - INFO - Running processing for data/rozklady/laplace_30_histogram.jpg 
2022-05-18 22:26:17,865 MainProcess MainThread - INFO - Running processing for data/rozklady/normal_50_histogram.jpg 
2022-05-18 22:26:18,060 MainProcess MainThread - INFO - Running processing for data/rozklady/geometr_05.pgm 
2022-05-18 22:26:18,273 MainProcess MainThread - INFO - Running processing for data/rozklady/geometr_05_histogram.jpg 
2022-05-18 22:26:18,428 MainProcess MainThread - INFO - Running processing for data/rozklady/laplace_10_histogram.jpg 
2022-05-18 22:26:18,584 MainProcess MainThread - INFO - Running processing for data/rozklady/normal_30.pgm 
2022-05-18 22:26:18,812 MainProcess MainThread - INFO - Running processing for data/rozklady/normal_10_histogram.jpg 
2022-05-18 22:26:18,966 MainProcess MainThread - INFO - k = 10 
2022-05-18 22:26:18,966 MainProcess MainThread - INFO - Running processing for data/rozklady/laplace_20_histogram_histogram.jpg 
2022-05-18 22:26:19,122 MainProcess MainThread - INFO - Running processing for data/rozklady/uniform_histogram.jpg 
2022-05-18 22:26:19,312 MainProcess MainThread - INFO - Running processing for data/rozklady/normal_10.pgm 
2022-05-18 22:26:19,514 MainProcess MainThread - INFO - Running processing for data/rozklady/geometr_09.pgm 
2022-05-18 22:26:19,711 MainProcess MainThread - INFO - Running processing for data/rozklady/geometr_099_histogram.jpg 
2022-05-18 22:26:19,866 MainProcess MainThread - INFO - Running processing for data/rozklady/geometr_099.pgm 
2022-05-18 22:26:20,092 MainProcess MainThread - INFO - Running processing for data/rozklady/laplace_30.pgm 
2022-05-18 22:26:20,287 MainProcess MainThread - INFO - Running processing for data/rozklady/geometr_09_histogram.jpg 
2022-05-18 22:26:20,443 MainProcess MainThread - INFO - Running processing for data/rozklady/normal_10_histogram_histogram.jpg 
2022-05-18 22:26:20,597 MainProcess MainThread - INFO - Running processing for data/rozklady/laplace_30_histogram_histogram.jpg 
2022-05-18 22:26:20,778 MainProcess MainThread - INFO - Running processing for data/rozklady/laplace_20.pgm 
2022-05-18 22:26:20,978 MainProcess MainThread - INFO - Running processing for data/rozklady/normal_50_histogram_histogram.jpg 
2022-05-18 22:26:21,135 MainProcess MainThread - INFO - Running processing for data/rozklady/uniform.pgm 
2022-05-18 22:26:21,359 MainProcess MainThread - INFO - Running processing for data/rozklady/normal_30_histogram.jpg 
2022-05-18 22:26:21,524 MainProcess MainThread - INFO - Running processing for data/rozklady/geometr_09_histogram_histogram.jpg 
2022-05-18 22:26:21,687 MainProcess MainThread - INFO - Running processing for data/rozklady/laplace_20_histogram.jpg 
2022-05-18 22:26:21,855 MainProcess MainThread - INFO - Running processing for data/rozklady/laplace_10.pgm 
2022-05-18 22:26:22,091 MainProcess MainThread - INFO - Running processing for data/rozklady/normal_50.pgm 
2022-05-18 22:26:22,296 MainProcess MainThread - INFO - Running processing for data/rozklady/laplace_30_histogram.jpg 
2022-05-18 22:28:00,274 MainProcess MainThread - INFO - Starting processing 
2022-05-18 22:28:00,275 MainProcess MainThread - INFO - Processing config loaded 
2022-05-18 22:28:00,275 MainProcess MainThread - INFO - Running processing for each image for all k = [8, 9, 10, 11, 12, 13, 14, 15, 16, 17, 18] parameters 
2022-05-18 22:28:00,275 MainProcess MainThread - INFO - k = 8 
2022-05-18 22:28:00,275 MainProcess MainThread - INFO - Running processing for data/rozklady/normal_10.pgm 
2022-05-18 22:28:01,053 MainProcess MainThread - INFO - Running processing for data/rozklady/geometr_09.pgm 
2022-05-18 22:28:01,261 MainProcess MainThread - INFO - Running processing for data/rozklady/geometr_099.pgm 
2022-05-18 22:28:01,486 MainProcess MainThread - INFO - Running processing for data/rozklady/laplace_30.pgm 
2022-05-18 22:28:01,687 MainProcess MainThread - INFO - Running processing for data/rozklady/laplace_20.pgm 
2022-05-18 22:28:01,896 MainProcess MainThread - INFO - Running processing for data/rozklady/uniform.pgm 
2022-05-18 22:28:02,108 MainProcess MainThread - INFO - Running processing for data/rozklady/laplace_10.pgm 
2022-05-18 22:28:02,338 MainProcess MainThread - INFO - Running processing for data/rozklady/normal_50.pgm 
2022-05-18 22:28:02,545 MainProcess MainThread - INFO - Running processing for data/rozklady/geometr_05.pgm 
2022-05-18 22:28:02,750 MainProcess MainThread - INFO - Running processing for data/rozklady/normal_30.pgm 
2022-05-18 22:28:02,983 MainProcess MainThread - INFO - k = 9 
2022-05-18 22:28:02,984 MainProcess MainThread - INFO - Running processing for data/rozklady/normal_10.pgm 
2022-05-18 22:28:03,185 MainProcess MainThread - INFO - Running processing for data/rozklady/geometr_09.pgm 
2022-05-18 22:28:03,383 MainProcess MainThread - INFO - Running processing for data/rozklady/geometr_099.pgm 
2022-05-18 22:28:03,586 MainProcess MainThread - INFO - Running processing for data/rozklady/laplace_30.pgm 
2022-05-18 22:28:03,807 MainProcess MainThread - INFO - Running processing for data/rozklady/laplace_20.pgm 
2022-05-18 22:28:04,009 MainProcess MainThread - INFO - Running processing for data/rozklady/uniform.pgm 
2022-05-18 22:28:04,210 MainProcess MainThread - INFO - Running processing for data/rozklady/laplace_10.pgm 
2022-05-18 22:28:04,409 MainProcess MainThread - INFO - Running processing for data/rozklady/normal_50.pgm 
2022-05-18 22:28:04,629 MainProcess MainThread - INFO - Running processing for data/rozklady/geometr_05.pgm 
2022-05-18 22:28:04,828 MainProcess MainThread - INFO - Running processing for data/rozklady/normal_30.pgm 
2022-05-18 22:28:05,029 MainProcess MainThread - INFO - k = 10 
2022-05-18 22:28:05,029 MainProcess MainThread - INFO - Running processing for data/rozklady/normal_10.pgm 
2022-05-18 22:28:05,247 MainProcess MainThread - INFO - Running processing for data/rozklady/geometr_09.pgm 
2022-05-18 22:28:05,443 MainProcess MainThread - INFO - Running processing for data/rozklady/geometr_099.pgm 
2022-05-18 22:28:05,643 MainProcess MainThread - INFO - Running processing for data/rozklady/laplace_30.pgm 
2022-05-18 22:28:05,839 MainProcess MainThread - INFO - Running processing for data/rozklady/laplace_20.pgm 
2022-05-18 22:28:06,059 MainProcess MainThread - INFO - Running processing for data/rozklady/uniform.pgm 
2022-05-18 22:28:06,263 MainProcess MainThread - INFO - Running processing for data/rozklady/laplace_10.pgm 
2022-05-18 22:28:06,462 MainProcess MainThread - INFO - Running processing for data/rozklady/normal_50.pgm 
2022-05-18 22:28:06,660 MainProcess MainThread - INFO - Running processing for data/rozklady/geometr_05.pgm 
2022-05-18 22:28:06,880 MainProcess MainThread - INFO - Running processing for data/rozklady/normal_30.pgm 
2022-05-18 22:28:07,083 MainProcess MainThread - INFO - k = 11 
2022-05-18 22:28:07,083 MainProcess MainThread - INFO - Running processing for data/rozklady/normal_10.pgm 
2022-05-18 22:28:07,283 MainProcess MainThread - INFO - Running processing for data/rozklady/geometr_09.pgm 
2022-05-18 22:28:07,508 MainProcess MainThread - INFO - Running processing for data/rozklady/geometr_099.pgm 
2022-05-18 22:28:07,713 MainProcess MainThread - INFO - Running processing for data/rozklady/laplace_30.pgm 
2022-05-18 22:28:07,916 MainProcess MainThread - INFO - Running processing for data/rozklady/laplace_20.pgm 
2022-05-18 22:28:08,119 MainProcess MainThread - INFO - Running processing for data/rozklady/uniform.pgm 
2022-05-18 22:28:08,360 MainProcess MainThread - INFO - Running processing for data/rozklady/laplace_10.pgm 
2022-05-18 22:28:08,562 MainProcess MainThread - INFO - Running processing for data/rozklady/normal_50.pgm 
2022-05-18 22:28:08,762 MainProcess MainThread - INFO - Running processing for data/rozklady/geometr_05.pgm 
2022-05-18 22:28:08,960 MainProcess MainThread - INFO - Running processing for data/rozklady/normal_30.pgm 
2022-05-18 22:28:09,181 MainProcess MainThread - INFO - k = 12 
2022-05-18 22:28:09,181 MainProcess MainThread - INFO - Running processing for data/rozklady/normal_10.pgm 
2022-05-18 22:28:09,378 MainProcess MainThread - INFO - Running processing for data/rozklady/geometr_09.pgm 
2022-05-18 22:28:09,574 MainProcess MainThread - INFO - Running processing for data/rozklady/geometr_099.pgm 
2022-05-18 22:28:09,794 MainProcess MainThread - INFO - Running processing for data/rozklady/laplace_30.pgm 
2022-05-18 22:28:09,995 MainProcess MainThread - INFO - Running processing for data/rozklady/laplace_20.pgm 
2022-05-18 22:28:10,194 MainProcess MainThread - INFO - Running processing for data/rozklady/uniform.pgm 
2022-05-18 22:28:10,395 MainProcess MainThread - INFO - Running processing for data/rozklady/laplace_10.pgm 
2022-05-18 22:28:10,619 MainProcess MainThread - INFO - Running processing for data/rozklady/normal_50.pgm 
2022-05-18 22:28:10,819 MainProcess MainThread - INFO - Running processing for data/rozklady/geometr_05.pgm 
2022-05-18 22:28:11,021 MainProcess MainThread - INFO - Running processing for data/rozklady/normal_30.pgm 
2022-05-18 22:28:11,234 MainProcess MainThread - INFO - k = 13 
2022-05-18 22:28:11,234 MainProcess MainThread - INFO - Running processing for data/rozklady/normal_10.pgm 
2022-05-18 22:28:11,459 MainProcess MainThread - INFO - Running processing for data/rozklady/geometr_09.pgm 
2022-05-18 22:28:11,658 MainProcess MainThread - INFO - Running processing for data/rozklady/geometr_099.pgm 
2022-05-18 22:28:11,864 MainProcess MainThread - INFO - Running processing for data/rozklady/laplace_30.pgm 
2022-05-18 22:28:12,093 MainProcess MainThread - INFO - Running processing for data/rozklady/laplace_20.pgm 
2022-05-18 22:28:12,296 MainProcess MainThread - INFO - Running processing for data/rozklady/uniform.pgm 
2022-05-18 22:28:12,497 MainProcess MainThread - INFO - Running processing for data/rozklady/laplace_10.pgm 
2022-05-18 22:28:12,701 MainProcess MainThread - INFO - Running processing for data/rozklady/normal_50.pgm 
2022-05-18 22:28:12,930 MainProcess MainThread - INFO - Running processing for data/rozklady/geometr_05.pgm 
2022-05-18 22:28:13,127 MainProcess MainThread - INFO - Running processing for data/rozklady/normal_30.pgm 
2022-05-18 22:28:13,328 MainProcess MainThread - INFO - k = 14 
2022-05-18 22:28:13,328 MainProcess MainThread - INFO - Running processing for data/rozklady/normal_10.pgm 
2022-05-18 22:28:13,530 MainProcess MainThread - INFO - Running processing for data/rozklady/geometr_09.pgm 
2022-05-18 22:28:13,761 MainProcess MainThread - INFO - Running processing for data/rozklady/geometr_099.pgm 
2022-05-18 22:28:13,971 MainProcess MainThread - INFO - Running processing for data/rozklady/laplace_30.pgm 
2022-05-18 22:28:14,174 MainProcess MainThread - INFO - Running processing for data/rozklady/laplace_20.pgm 
2022-05-18 22:28:14,393 MainProcess MainThread - INFO - Running processing for data/rozklady/uniform.pgm 
2022-05-18 22:28:14,600 MainProcess MainThread - INFO - Running processing for data/rozklady/laplace_10.pgm 
2022-05-18 22:28:14,819 MainProcess MainThread - INFO - Running processing for data/rozklady/normal_50.pgm 
2022-05-18 22:28:15,034 MainProcess MainThread - INFO - Running processing for data/rozklady/geometr_05.pgm 
2022-05-18 22:28:15,260 MainProcess MainThread - INFO - Running processing for data/rozklady/normal_30.pgm 
2022-05-18 22:28:15,460 MainProcess MainThread - INFO - k = 15 
2022-05-18 22:28:15,460 MainProcess MainThread - INFO - Running processing for data/rozklady/normal_10.pgm 
2022-05-18 22:28:15,655 MainProcess MainThread - INFO - Running processing for data/rozklady/geometr_09.pgm 
2022-05-18 22:28:15,857 MainProcess MainThread - INFO - Running processing for data/rozklady/geometr_099.pgm 
2022-05-18 22:28:16,085 MainProcess MainThread - INFO - Running processing for data/rozklady/laplace_30.pgm 
2022-05-18 22:28:16,281 MainProcess MainThread - INFO - Running processing for data/rozklady/laplace_20.pgm 
2022-05-18 22:28:16,478 MainProcess MainThread - INFO - Running processing for data/rozklady/uniform.pgm 
2022-05-18 22:28:16,702 MainProcess MainThread - INFO - Running processing for data/rozklady/laplace_10.pgm 
2022-05-18 22:28:16,900 MainProcess MainThread - INFO - Running processing for data/rozklady/normal_50.pgm 
2022-05-18 22:28:17,097 MainProcess MainThread - INFO - Running processing for data/rozklady/geometr_05.pgm 
2022-05-18 22:28:17,291 MainProcess MainThread - INFO - Running processing for data/rozklady/normal_30.pgm 
2022-05-18 22:28:17,518 MainProcess MainThread - INFO - k = 16 
2022-05-18 22:28:17,518 MainProcess MainThread - INFO - Running processing for data/rozklady/normal_10.pgm 
2022-05-18 22:28:17,715 MainProcess MainThread - INFO - Running processing for data/rozklady/geometr_09.pgm 
2022-05-18 22:28:17,910 MainProcess MainThread - INFO - Running processing for data/rozklady/geometr_099.pgm 
2022-05-18 22:28:18,109 MainProcess MainThread - INFO - Running processing for data/rozklady/laplace_30.pgm 
2022-05-18 22:28:18,328 MainProcess MainThread - INFO - Running processing for data/rozklady/laplace_20.pgm 
2022-05-18 22:28:18,525 MainProcess MainThread - INFO - Running processing for data/rozklady/uniform.pgm 
2022-05-18 22:28:18,726 MainProcess MainThread - INFO - Running processing for data/rozklady/laplace_10.pgm 
2022-05-18 22:28:18,947 MainProcess MainThread - INFO - Running processing for data/rozklady/normal_50.pgm 
2022-05-18 22:28:19,158 MainProcess MainThread - INFO - Running processing for data/rozklady/geometr_05.pgm 
2022-05-18 22:28:19,366 MainProcess MainThread - INFO - Running processing for data/rozklady/normal_30.pgm 
2022-05-18 22:28:19,570 MainProcess MainThread - INFO - k = 17 
2022-05-18 22:28:19,570 MainProcess MainThread - INFO - Running processing for data/rozklady/normal_10.pgm 
2022-05-18 22:28:19,809 MainProcess MainThread - INFO - Running processing for data/rozklady/geometr_09.pgm 
2022-05-18 22:28:20,010 MainProcess MainThread - INFO - Running processing for data/rozklady/geometr_099.pgm 
2022-05-18 22:28:20,217 MainProcess MainThread - INFO - Running processing for data/rozklady/laplace_30.pgm 
2022-05-18 22:28:20,421 MainProcess MainThread - INFO - Running processing for data/rozklady/laplace_20.pgm 
2022-05-18 22:28:20,654 MainProcess MainThread - INFO - Running processing for data/rozklady/uniform.pgm 
2022-05-18 22:28:20,862 MainProcess MainThread - INFO - Running processing for data/rozklady/laplace_10.pgm 
2022-05-18 22:28:21,068 MainProcess MainThread - INFO - Running processing for data/rozklady/normal_50.pgm 
2022-05-18 22:28:21,291 MainProcess MainThread - INFO - Running processing for data/rozklady/geometr_05.pgm 
2022-05-18 22:28:21,492 MainProcess MainThread - INFO - Running processing for data/rozklady/normal_30.pgm 
2022-05-18 22:28:21,697 MainProcess MainThread - INFO - k = 18 
2022-05-18 22:28:21,698 MainProcess MainThread - INFO - Running processing for data/rozklady/normal_10.pgm 
2022-05-18 22:28:21,894 MainProcess MainThread - INFO - Running processing for data/rozklady/geometr_09.pgm 
2022-05-18 22:28:22,118 MainProcess MainThread - INFO - Running processing for data/rozklady/geometr_099.pgm 
2022-05-18 22:28:22,319 MainProcess MainThread - INFO - Running processing for data/rozklady/laplace_30.pgm 
2022-05-18 22:28:22,521 MainProcess MainThread - INFO - Running processing for data/rozklady/laplace_20.pgm 
2022-05-18 22:28:22,719 MainProcess MainThread - INFO - Running processing for data/rozklady/uniform.pgm 
2022-05-18 22:28:22,945 MainProcess MainThread - INFO - Running processing for data/rozklady/laplace_10.pgm 
2022-05-18 22:28:23,144 MainProcess MainThread - INFO - Running processing for data/rozklady/normal_50.pgm 
2022-05-18 22:28:23,342 MainProcess MainThread - INFO - Running processing for data/rozklady/geometr_05.pgm 
2022-05-18 22:28:23,559 MainProcess MainThread - INFO - Running processing for data/rozklady/normal_30.pgm 
2022-05-18 22:28:23,761 MainProcess MainThread - INFO - Processing ended 
2022-05-18 22:29:02,008 MainProcess MainThread - INFO - Starting processing 
2022-05-18 22:29:02,008 MainProcess MainThread - INFO - Processing config loaded 
2022-05-18 22:29:02,008 MainProcess MainThread - INFO - Running processing for each image for all k = [8, 9, 10, 11, 12, 13, 14, 15, 16, 17, 18] parameters 
2022-05-18 22:29:02,008 MainProcess MainThread - INFO - k = 8 
2022-05-18 22:29:02,009 MainProcess MainThread - INFO - Running processing for data/obrazy/peppers.pgm 
2022-05-18 22:29:02,771 MainProcess MainThread - INFO - Running processing for data/obrazy/lena.pgm 
2022-05-18 22:29:02,974 MainProcess MainThread - INFO - Running processing for data/obrazy/boat.pgm 
2022-05-18 22:29:03,191 MainProcess MainThread - INFO - Running processing for data/obrazy/barbara.pgm 
2022-05-18 22:29:03,387 MainProcess MainThread - INFO - Running processing for data/obrazy/chronometer.pgm 
2022-05-18 22:29:03,586 MainProcess MainThread - INFO - Running processing for data/obrazy/mandril.pgm 
2022-05-18 22:29:03,789 MainProcess MainThread - INFO - k = 9 
2022-05-18 22:29:03,789 MainProcess MainThread - INFO - Running processing for data/obrazy/peppers.pgm 
2022-05-18 22:29:04,010 MainProcess MainThread - INFO - Running processing for data/obrazy/lena.pgm 
2022-05-18 22:29:04,206 MainProcess MainThread - INFO - Running processing for data/obrazy/boat.pgm 
2022-05-18 22:29:04,405 MainProcess MainThread - INFO - Running processing for data/obrazy/barbara.pgm 
2022-05-18 22:29:04,625 MainProcess MainThread - INFO - Running processing for data/obrazy/chronometer.pgm 
2022-05-18 22:29:04,824 MainProcess MainThread - INFO - Running processing for data/obrazy/mandril.pgm 
2022-05-18 22:29:05,027 MainProcess MainThread - INFO - k = 10 
2022-05-18 22:29:05,027 MainProcess MainThread - INFO - Running processing for data/obrazy/peppers.pgm 
2022-05-18 22:29:05,231 MainProcess MainThread - INFO - Running processing for data/obrazy/lena.pgm 
2022-05-18 22:29:05,462 MainProcess MainThread - INFO - Running processing for data/obrazy/boat.pgm 
2022-05-18 22:29:05,662 MainProcess MainThread - INFO - Running processing for data/obrazy/barbara.pgm 
2022-05-18 22:29:05,863 MainProcess MainThread - INFO - Running processing for data/obrazy/chronometer.pgm 
2022-05-18 22:29:06,062 MainProcess MainThread - INFO - Running processing for data/obrazy/mandril.pgm 
2022-05-18 22:29:06,285 MainProcess MainThread - INFO - k = 11 
2022-05-18 22:29:06,285 MainProcess MainThread - INFO - Running processing for data/obrazy/peppers.pgm 
2022-05-18 22:29:06,483 MainProcess MainThread - INFO - Running processing for data/obrazy/lena.pgm 
2022-05-18 22:29:06,683 MainProcess MainThread - INFO - Running processing for data/obrazy/boat.pgm 
2022-05-18 22:29:06,903 MainProcess MainThread - INFO - Running processing for data/obrazy/barbara.pgm 
2022-05-18 22:29:07,100 MainProcess MainThread - INFO - Running processing for data/obrazy/chronometer.pgm 
2022-05-18 22:29:07,299 MainProcess MainThread - INFO - Running processing for data/obrazy/mandril.pgm 
2022-05-18 22:29:07,501 MainProcess MainThread - INFO - k = 12 
2022-05-18 22:29:07,501 MainProcess MainThread - INFO - Running processing for data/obrazy/peppers.pgm 
2022-05-18 22:29:07,724 MainProcess MainThread - INFO - Running processing for data/obrazy/lena.pgm 
2022-05-18 22:29:07,927 MainProcess MainThread - INFO - Running processing for data/obrazy/boat.pgm 
2022-05-18 22:29:08,136 MainProcess MainThread - INFO - Running processing for data/obrazy/barbara.pgm 
2022-05-18 22:29:08,344 MainProcess MainThread - INFO - Running processing for data/obrazy/chronometer.pgm 
2022-05-18 22:29:08,577 MainProcess MainThread - INFO - Running processing for data/obrazy/mandril.pgm 
2022-05-18 22:29:08,782 MainProcess MainThread - INFO - k = 13 
2022-05-18 22:29:08,783 MainProcess MainThread - INFO - Running processing for data/obrazy/peppers.pgm 
2022-05-18 22:29:08,984 MainProcess MainThread - INFO - Running processing for data/obrazy/lena.pgm 
2022-05-18 22:29:09,212 MainProcess MainThread - INFO - Running processing for data/obrazy/boat.pgm 
2022-05-18 22:29:09,416 MainProcess MainThread - INFO - Running processing for data/obrazy/barbara.pgm 
2022-05-18 22:29:09,617 MainProcess MainThread - INFO - Running processing for data/obrazy/chronometer.pgm 
2022-05-18 22:29:09,824 MainProcess MainThread - INFO - Running processing for data/obrazy/mandril.pgm 
2022-05-18 22:29:10,059 MainProcess MainThread - INFO - k = 14 
2022-05-18 22:29:10,059 MainProcess MainThread - INFO - Running processing for data/obrazy/peppers.pgm 
2022-05-18 22:29:10,257 MainProcess MainThread - INFO - Running processing for data/obrazy/lena.pgm 
2022-05-18 22:29:10,457 MainProcess MainThread - INFO - Running processing for data/obrazy/boat.pgm 
2022-05-18 22:29:10,653 MainProcess MainThread - INFO - Running processing for data/obrazy/barbara.pgm 
2022-05-18 22:29:10,872 MainProcess MainThread - INFO - Running processing for data/obrazy/chronometer.pgm 
2022-05-18 22:29:11,067 MainProcess MainThread - INFO - Running processing for data/obrazy/mandril.pgm 
2022-05-18 22:29:11,267 MainProcess MainThread - INFO - k = 15 
2022-05-18 22:29:11,268 MainProcess MainThread - INFO - Running processing for data/obrazy/peppers.pgm 
2022-05-18 22:29:11,484 MainProcess MainThread - INFO - Running processing for data/obrazy/lena.pgm 
2022-05-18 22:29:11,679 MainProcess MainThread - INFO - Running processing for data/obrazy/boat.pgm 
2022-05-18 22:29:11,876 MainProcess MainThread - INFO - Running processing for data/obrazy/barbara.pgm 
2022-05-18 22:29:12,075 MainProcess MainThread - INFO - Running processing for data/obrazy/chronometer.pgm 
2022-05-18 22:29:12,296 MainProcess MainThread - INFO - Running processing for data/obrazy/mandril.pgm 
2022-05-18 22:29:12,495 MainProcess MainThread - INFO - k = 16 
2022-05-18 22:29:12,496 MainProcess MainThread - INFO - Running processing for data/obrazy/peppers.pgm 
2022-05-18 22:29:12,693 MainProcess MainThread - INFO - Running processing for data/obrazy/lena.pgm 
2022-05-18 22:29:12,893 MainProcess MainThread - INFO - Running processing for data/obrazy/boat.pgm 
2022-05-18 22:29:13,116 MainProcess MainThread - INFO - Running processing for data/obrazy/barbara.pgm 
2022-05-18 22:29:13,311 MainProcess MainThread - INFO - Running processing for data/obrazy/chronometer.pgm 
2022-05-18 22:29:13,515 MainProcess MainThread - INFO - Running processing for data/obrazy/mandril.pgm 
2022-05-18 22:29:13,737 MainProcess MainThread - INFO - k = 17 
2022-05-18 22:29:13,737 MainProcess MainThread - INFO - Running processing for data/obrazy/peppers.pgm 
2022-05-18 22:29:13,935 MainProcess MainThread - INFO - Running processing for data/obrazy/lena.pgm 
2022-05-18 22:29:14,139 MainProcess MainThread - INFO - Running processing for data/obrazy/boat.pgm 
2022-05-18 22:29:14,344 MainProcess MainThread - INFO - Running processing for data/obrazy/barbara.pgm 
2022-05-18 22:29:14,581 MainProcess MainThread - INFO - Running processing for data/obrazy/chronometer.pgm 
2022-05-18 22:29:14,783 MainProcess MainThread - INFO - Running processing for data/obrazy/mandril.pgm 
2022-05-18 22:29:14,992 MainProcess MainThread - INFO - k = 18 
2022-05-18 22:29:14,993 MainProcess MainThread - INFO - Running processing for data/obrazy/peppers.pgm 
2022-05-18 22:29:15,195 MainProcess MainThread - INFO - Running processing for data/obrazy/lena.pgm 
2022-05-18 22:29:15,417 MainProcess MainThread - INFO - Running processing for data/obrazy/boat.pgm 
2022-05-18 22:29:15,615 MainProcess MainThread - INFO - Running processing for data/obrazy/barbara.pgm 
2022-05-18 22:29:15,812 MainProcess MainThread - INFO - Running processing for data/obrazy/chronometer.pgm 
2022-05-18 22:29:16,030 MainProcess MainThread - INFO - Running processing for data/obrazy/mandril.pgm 
2022-05-18 22:29:16,228 MainProcess MainThread - INFO - Processing ended 
